2022-07-31 18:36:23.802606+00:00 [notice] <0.221.0> Logging: configured log handlers are now ACTIVE
2022-07-31 18:36:24.265531+00:00 [info] <0.221.0> ra: starting system quorum_queues
2022-07-31 18:36:24.265677+00:00 [info] <0.221.0> starting Ra system: quorum_queues in directory: /var/lib/rabbitmq/mnesia/rabbit@f1ef99902aac/quorum/rabbit@f1ef99902aac
2022-07-31 18:36:24.430469+00:00 [info] <0.262.0> ra system 'quorum_queues' running pre init for 0 registered servers
2022-07-31 18:36:24.453118+00:00 [info] <0.263.0> ra: meta data store initialised for system quorum_queues. 0 record(s) recovered
2022-07-31 18:36:24.474627+00:00 [notice] <0.268.0> WAL: ra_log_wal init, open tbls: ra_log_open_mem_tables, closed tbls: ra_log_closed_mem_tables
2022-07-31 18:36:24.498247+00:00 [info] <0.221.0> ra: starting system coordination
2022-07-31 18:36:24.498326+00:00 [info] <0.221.0> starting Ra system: coordination in directory: /var/lib/rabbitmq/mnesia/rabbit@f1ef99902aac/coordination/rabbit@f1ef99902aac
2022-07-31 18:36:24.511483+00:00 [info] <0.275.0> ra system 'coordination' running pre init for 0 registered servers
2022-07-31 18:36:24.516221+00:00 [info] <0.276.0> ra: meta data store initialised for system coordination. 0 record(s) recovered
2022-07-31 18:36:24.516577+00:00 [notice] <0.281.0> WAL: ra_coordination_log_wal init, open tbls: ra_coordination_log_open_mem_tables, closed tbls: ra_coordination_log_closed_mem_tables
2022-07-31 18:36:24.527909+00:00 [info] <0.221.0> 
2022-07-31 18:36:24.527909+00:00 [info] <0.221.0>  Starting RabbitMQ 3.10.6 on Erlang 24.3.4.2 [jit]
2022-07-31 18:36:24.527909+00:00 [info] <0.221.0>  Copyright (c) 2007-2022 VMware, Inc. or its affiliates.
2022-07-31 18:36:24.527909+00:00 [info] <0.221.0>  Licensed under the MPL 2.0. Website: https://rabbitmq.com
2022-07-31 18:36:24.530170+00:00 [info] <0.221.0> 
2022-07-31 18:36:24.530170+00:00 [info] <0.221.0>  node           : rabbit@f1ef99902aac
2022-07-31 18:36:24.530170+00:00 [info] <0.221.0>  home dir       : /var/lib/rabbitmq
2022-07-31 18:36:24.530170+00:00 [info] <0.221.0>  config file(s) : (none)
2022-07-31 18:36:24.530170+00:00 [info] <0.221.0>  cookie hash    : w0TBESsEGfxBGs/7PwogCA==
2022-07-31 18:36:24.530170+00:00 [info] <0.221.0>  log(s)         : /var/log/rabbitmq/rabbit@f1ef99902aac.log
2022-07-31 18:36:24.530170+00:00 [info] <0.221.0>                 : /var/log/rabbitmq/rabbit@f1ef99902aac_upgrade.log
2022-07-31 18:36:24.530170+00:00 [info] <0.221.0>                 : <stdout>
2022-07-31 18:36:24.530170+00:00 [info] <0.221.0>  database dir   : /var/lib/rabbitmq/mnesia/rabbit@f1ef99902aac
2022-07-31 18:36:29.986441+00:00 [info] <0.221.0> Running boot step pre_boot defined by app rabbit
2022-07-31 18:36:29.986501+00:00 [info] <0.221.0> Running boot step rabbit_global_counters defined by app rabbit
2022-07-31 18:36:29.986946+00:00 [info] <0.221.0> Running boot step rabbit_osiris_metrics defined by app rabbit
2022-07-31 18:36:29.987042+00:00 [info] <0.221.0> Running boot step rabbit_core_metrics defined by app rabbit
2022-07-31 18:36:29.987595+00:00 [info] <0.221.0> Running boot step rabbit_alarm defined by app rabbit
2022-07-31 18:36:29.991621+00:00 [info] <0.296.0> Memory high watermark set to 3166 MiB (3320417484 bytes) of 7916 MiB (8301043712 bytes) total
2022-07-31 18:36:29.996023+00:00 [info] <0.298.0> Enabling free disk space monitoring
2022-07-31 18:36:29.996081+00:00 [info] <0.298.0> Disk free limit set to 50MB
2022-07-31 18:36:29.999566+00:00 [info] <0.221.0> Running boot step code_server_cache defined by app rabbit
2022-07-31 18:36:29.999698+00:00 [info] <0.221.0> Running boot step file_handle_cache defined by app rabbit
2022-07-31 18:36:29.999873+00:00 [info] <0.303.0> Limiting to approx 1048479 file handles (943629 sockets)
2022-07-31 18:36:29.999979+00:00 [info] <0.304.0> FHC read buffering: OFF
2022-07-31 18:36:30.000043+00:00 [info] <0.304.0> FHC write buffering: ON
2022-07-31 18:36:30.000715+00:00 [info] <0.221.0> Running boot step worker_pool defined by app rabbit
2022-07-31 18:36:30.000850+00:00 [info] <0.283.0> Will use 8 processes for default worker pool
2022-07-31 18:36:30.000889+00:00 [info] <0.283.0> Starting worker pool 'worker_pool' with 8 processes in it
2022-07-31 18:36:30.001328+00:00 [info] <0.221.0> Running boot step database defined by app rabbit
2022-07-31 18:36:30.006337+00:00 [info] <0.221.0> Node database directory at /var/lib/rabbitmq/mnesia/rabbit@f1ef99902aac is empty. Assuming we need to join an existing cluster or initialise from scratch...
2022-07-31 18:36:30.006434+00:00 [info] <0.221.0> Configured peer discovery backend: rabbit_peer_discovery_classic_config
2022-07-31 18:36:30.006470+00:00 [info] <0.221.0> Will try to lock with peer discovery backend rabbit_peer_discovery_classic_config
2022-07-31 18:36:30.006613+00:00 [info] <0.221.0> All discovered existing cluster peers:
2022-07-31 18:36:30.006647+00:00 [info] <0.221.0> Discovered no peer nodes to cluster with. Some discovery backends can filter nodes out based on a readiness criteria. Enabling debug logging might help troubleshoot.
2022-07-31 18:36:30.010717+00:00 [notice] <0.44.0> Application mnesia exited with reason: stopped
2022-07-31 18:36:30.460395+00:00 [info] <0.221.0> Waiting for Mnesia tables for 30000 ms, 9 retries left
2022-07-31 18:36:30.460607+00:00 [info] <0.221.0> Successfully synced tables from a peer
2022-07-31 18:36:30.475834+00:00 [info] <0.221.0> Waiting for Mnesia tables for 30000 ms, 9 retries left
2022-07-31 18:36:30.476039+00:00 [info] <0.221.0> Successfully synced tables from a peer
2022-07-31 18:36:30.476145+00:00 [info] <0.221.0> Feature flag `classic_mirrored_queue_version`: supported, attempt to enable...
2022-07-31 18:36:30.476321+00:00 [info] <0.221.0> Feature flag `classic_mirrored_queue_version`: mark as enabled=state_changing
2022-07-31 18:36:30.477132+00:00 [info] <0.221.0> Feature flags: list of feature flags found:
2022-07-31 18:36:30.477257+00:00 [info] <0.221.0> Feature flags:   [~] classic_mirrored_queue_version
2022-07-31 18:36:30.477300+00:00 [info] <0.221.0> Feature flags:   [ ] implicit_default_bindings
2022-07-31 18:36:30.477339+00:00 [info] <0.221.0> Feature flags:   [ ] maintenance_mode_status
2022-07-31 18:36:30.477372+00:00 [info] <0.221.0> Feature flags:   [ ] quorum_queue
2022-07-31 18:36:30.477391+00:00 [info] <0.221.0> Feature flags:   [ ] stream_queue
2022-07-31 18:36:30.477406+00:00 [info] <0.221.0> Feature flags:   [ ] user_limits
2022-07-31 18:36:30.477427+00:00 [info] <0.221.0> Feature flags:   [ ] virtual_host_metadata
2022-07-31 18:36:30.477514+00:00 [info] <0.221.0> Feature flags: feature flag states written to disk: yes
2022-07-31 18:36:30.489147+00:00 [info] <0.221.0> Feature flag `classic_mirrored_queue_version`: mark as enabled=true
2022-07-31 18:36:30.493432+00:00 [info] <0.221.0> Feature flags: list of feature flags found:
2022-07-31 18:36:30.493516+00:00 [info] <0.221.0> Feature flags:   [x] classic_mirrored_queue_version
2022-07-31 18:36:30.493549+00:00 [info] <0.221.0> Feature flags:   [ ] implicit_default_bindings
2022-07-31 18:36:30.493575+00:00 [info] <0.221.0> Feature flags:   [ ] maintenance_mode_status
2022-07-31 18:36:30.493615+00:00 [info] <0.221.0> Feature flags:   [ ] quorum_queue
2022-07-31 18:36:30.493668+00:00 [info] <0.221.0> Feature flags:   [ ] stream_queue
2022-07-31 18:36:30.493707+00:00 [info] <0.221.0> Feature flags:   [ ] user_limits
2022-07-31 18:36:30.493734+00:00 [info] <0.221.0> Feature flags:   [ ] virtual_host_metadata
2022-07-31 18:36:30.493761+00:00 [info] <0.221.0> Feature flags: feature flag states written to disk: yes
2022-07-31 18:36:30.503901+00:00 [info] <0.221.0> Feature flag `implicit_default_bindings`: supported, attempt to enable...
2022-07-31 18:36:30.504056+00:00 [info] <0.221.0> Feature flag `implicit_default_bindings`: mark as enabled=state_changing
2022-07-31 18:36:30.505296+00:00 [info] <0.221.0> Feature flags: list of feature flags found:
2022-07-31 18:36:30.505406+00:00 [info] <0.221.0> Feature flags:   [x] classic_mirrored_queue_version
2022-07-31 18:36:30.505457+00:00 [info] <0.221.0> Feature flags:   [~] implicit_default_bindings
2022-07-31 18:36:30.505645+00:00 [info] <0.221.0> Feature flags:   [ ] maintenance_mode_status
2022-07-31 18:36:30.505735+00:00 [info] <0.221.0> Feature flags:   [ ] quorum_queue
2022-07-31 18:36:30.505890+00:00 [info] <0.221.0> Feature flags:   [ ] stream_queue
2022-07-31 18:36:30.505916+00:00 [info] <0.221.0> Feature flags:   [ ] user_limits
2022-07-31 18:36:30.505962+00:00 [info] <0.221.0> Feature flags:   [ ] virtual_host_metadata
2022-07-31 18:36:30.506013+00:00 [info] <0.221.0> Feature flags: feature flag states written to disk: yes
2022-07-31 18:36:30.515234+00:00 [info] <0.221.0> Waiting for Mnesia tables for 30000 ms, 0 retries left
2022-07-31 18:36:30.515500+00:00 [info] <0.221.0> Successfully synced tables from a peer
2022-07-31 18:36:30.515545+00:00 [info] <0.221.0> Feature flag `implicit_default_bindings`: mark as enabled=true
2022-07-31 18:36:30.525458+00:00 [info] <0.221.0> Feature flags: list of feature flags found:
2022-07-31 18:36:30.525571+00:00 [info] <0.221.0> Feature flags:   [x] classic_mirrored_queue_version
2022-07-31 18:36:30.525615+00:00 [info] <0.221.0> Feature flags:   [x] implicit_default_bindings
2022-07-31 18:36:30.525658+00:00 [info] <0.221.0> Feature flags:   [ ] maintenance_mode_status
2022-07-31 18:36:30.525682+00:00 [info] <0.221.0> Feature flags:   [ ] quorum_queue
2022-07-31 18:36:30.525703+00:00 [info] <0.221.0> Feature flags:   [ ] stream_queue
2022-07-31 18:36:30.525758+00:00 [info] <0.221.0> Feature flags:   [ ] user_limits
2022-07-31 18:36:30.525787+00:00 [info] <0.221.0> Feature flags:   [ ] virtual_host_metadata
2022-07-31 18:36:30.525836+00:00 [info] <0.221.0> Feature flags: feature flag states written to disk: yes
2022-07-31 18:36:30.537709+00:00 [info] <0.221.0> Feature flag `maintenance_mode_status`: supported, attempt to enable...
2022-07-31 18:36:30.537884+00:00 [info] <0.221.0> Feature flag `maintenance_mode_status`: mark as enabled=state_changing
2022-07-31 18:36:30.538819+00:00 [info] <0.221.0> Feature flags: list of feature flags found:
2022-07-31 18:36:30.538907+00:00 [info] <0.221.0> Feature flags:   [x] classic_mirrored_queue_version
2022-07-31 18:36:30.538950+00:00 [info] <0.221.0> Feature flags:   [x] implicit_default_bindings
2022-07-31 18:36:30.539016+00:00 [info] <0.221.0> Feature flags:   [~] maintenance_mode_status
2022-07-31 18:36:30.539050+00:00 [info] <0.221.0> Feature flags:   [ ] quorum_queue
2022-07-31 18:36:30.539090+00:00 [info] <0.221.0> Feature flags:   [ ] stream_queue
2022-07-31 18:36:30.539143+00:00 [info] <0.221.0> Feature flags:   [ ] user_limits
2022-07-31 18:36:30.539174+00:00 [info] <0.221.0> Feature flags:   [ ] virtual_host_metadata
2022-07-31 18:36:30.539230+00:00 [info] <0.221.0> Feature flags: feature flag states written to disk: yes
2022-07-31 18:36:30.553409+00:00 [info] <0.221.0> Creating table rabbit_node_maintenance_states for feature flag `maintenance_mode_status`
2022-07-31 18:36:30.599115+00:00 [info] <0.221.0> Feature flag `maintenance_mode_status`: mark as enabled=true
2022-07-31 18:36:30.622229+00:00 [info] <0.221.0> Feature flags: list of feature flags found:
2022-07-31 18:36:30.622313+00:00 [info] <0.221.0> Feature flags:   [x] classic_mirrored_queue_version
2022-07-31 18:36:30.622384+00:00 [info] <0.221.0> Feature flags:   [x] implicit_default_bindings
2022-07-31 18:36:30.622451+00:00 [info] <0.221.0> Feature flags:   [x] maintenance_mode_status
2022-07-31 18:36:30.622484+00:00 [info] <0.221.0> Feature flags:   [ ] quorum_queue
2022-07-31 18:36:30.622513+00:00 [info] <0.221.0> Feature flags:   [ ] stream_queue
2022-07-31 18:36:30.622562+00:00 [info] <0.221.0> Feature flags:   [ ] user_limits
2022-07-31 18:36:30.622589+00:00 [info] <0.221.0> Feature flags:   [ ] virtual_host_metadata
2022-07-31 18:36:30.622624+00:00 [info] <0.221.0> Feature flags: feature flag states written to disk: yes
2022-07-31 18:36:30.643859+00:00 [info] <0.221.0> Feature flag `quorum_queue`: supported, attempt to enable...
2022-07-31 18:36:30.644077+00:00 [info] <0.221.0> Feature flag `quorum_queue`: mark as enabled=state_changing
2022-07-31 18:36:30.645083+00:00 [info] <0.221.0> Feature flags: list of feature flags found:
2022-07-31 18:36:30.645175+00:00 [info] <0.221.0> Feature flags:   [x] classic_mirrored_queue_version
2022-07-31 18:36:30.645228+00:00 [info] <0.221.0> Feature flags:   [x] implicit_default_bindings
2022-07-31 18:36:30.645287+00:00 [info] <0.221.0> Feature flags:   [x] maintenance_mode_status
2022-07-31 18:36:30.645313+00:00 [info] <0.221.0> Feature flags:   [~] quorum_queue
2022-07-31 18:36:30.645376+00:00 [info] <0.221.0> Feature flags:   [ ] stream_queue
2022-07-31 18:36:30.645402+00:00 [info] <0.221.0> Feature flags:   [ ] user_limits
2022-07-31 18:36:30.645459+00:00 [info] <0.221.0> Feature flags:   [ ] virtual_host_metadata
2022-07-31 18:36:30.645529+00:00 [info] <0.221.0> Feature flags: feature flag states written to disk: yes
2022-07-31 18:36:30.659226+00:00 [info] <0.221.0> Waiting for Mnesia tables for 30000 ms, 9 retries left
2022-07-31 18:36:30.659401+00:00 [info] <0.221.0> Successfully synced tables from a peer
2022-07-31 18:36:30.659445+00:00 [info] <0.221.0> Feature flag `quorum_queue`:   migrating Mnesia table rabbit_queue...
2022-07-31 18:36:30.750669+00:00 [info] <0.221.0> Feature flag `quorum_queue`:   migrating Mnesia table rabbit_durable_queue...
2022-07-31 18:36:30.817300+00:00 [info] <0.221.0> Feature flag `quorum_queue`:   Mnesia tables migration done
2022-07-31 18:36:30.817374+00:00 [info] <0.221.0> Feature flag `quorum_queue`: mark as enabled=true
2022-07-31 18:36:30.824718+00:00 [info] <0.221.0> Feature flags: list of feature flags found:
2022-07-31 18:36:30.824777+00:00 [info] <0.221.0> Feature flags:   [x] classic_mirrored_queue_version
2022-07-31 18:36:30.824816+00:00 [info] <0.221.0> Feature flags:   [x] implicit_default_bindings
2022-07-31 18:36:30.824834+00:00 [info] <0.221.0> Feature flags:   [x] maintenance_mode_status
2022-07-31 18:36:30.824850+00:00 [info] <0.221.0> Feature flags:   [x] quorum_queue
2022-07-31 18:36:30.824888+00:00 [info] <0.221.0> Feature flags:   [ ] stream_queue
2022-07-31 18:36:30.824991+00:00 [info] <0.221.0> Feature flags:   [ ] user_limits
2022-07-31 18:36:30.825020+00:00 [info] <0.221.0> Feature flags:   [ ] virtual_host_metadata
2022-07-31 18:36:30.825049+00:00 [info] <0.221.0> Feature flags: feature flag states written to disk: yes
2022-07-31 18:36:30.837640+00:00 [info] <0.221.0> Feature flag `stream_queue`: supported, attempt to enable...
2022-07-31 18:36:30.837793+00:00 [info] <0.221.0> Feature flag `stream_queue`: mark as enabled=state_changing
2022-07-31 18:36:30.838831+00:00 [info] <0.221.0> Feature flags: list of feature flags found:
2022-07-31 18:36:30.838928+00:00 [info] <0.221.0> Feature flags:   [x] classic_mirrored_queue_version
2022-07-31 18:36:30.838973+00:00 [info] <0.221.0> Feature flags:   [x] implicit_default_bindings
2022-07-31 18:36:30.839010+00:00 [info] <0.221.0> Feature flags:   [x] maintenance_mode_status
2022-07-31 18:36:30.839047+00:00 [info] <0.221.0> Feature flags:   [x] quorum_queue
2022-07-31 18:36:30.839122+00:00 [info] <0.221.0> Feature flags:   [~] stream_queue
2022-07-31 18:36:30.839171+00:00 [info] <0.221.0> Feature flags:   [ ] user_limits
2022-07-31 18:36:30.839220+00:00 [info] <0.221.0> Feature flags:   [ ] virtual_host_metadata
2022-07-31 18:36:30.839278+00:00 [info] <0.221.0> Feature flags: feature flag states written to disk: yes
2022-07-31 18:36:30.853827+00:00 [info] <0.221.0> Feature flag `stream_queue`: mark as enabled=true
2022-07-31 18:36:30.861196+00:00 [info] <0.221.0> Feature flags: list of feature flags found:
2022-07-31 18:36:30.861312+00:00 [info] <0.221.0> Feature flags:   [x] classic_mirrored_queue_version
2022-07-31 18:36:30.861365+00:00 [info] <0.221.0> Feature flags:   [x] implicit_default_bindings
2022-07-31 18:36:30.861395+00:00 [info] <0.221.0> Feature flags:   [x] maintenance_mode_status
2022-07-31 18:36:30.861427+00:00 [info] <0.221.0> Feature flags:   [x] quorum_queue
2022-07-31 18:36:30.861503+00:00 [info] <0.221.0> Feature flags:   [x] stream_queue
2022-07-31 18:36:30.861593+00:00 [info] <0.221.0> Feature flags:   [ ] user_limits
2022-07-31 18:36:30.861654+00:00 [info] <0.221.0> Feature flags:   [ ] virtual_host_metadata
2022-07-31 18:36:30.861763+00:00 [info] <0.221.0> Feature flags: feature flag states written to disk: yes
2022-07-31 18:36:30.871810+00:00 [info] <0.221.0> Feature flag `user_limits`: supported, attempt to enable...
2022-07-31 18:36:30.871954+00:00 [info] <0.221.0> Feature flag `user_limits`: mark as enabled=state_changing
2022-07-31 18:36:30.872964+00:00 [info] <0.221.0> Feature flags: list of feature flags found:
2022-07-31 18:36:30.873055+00:00 [info] <0.221.0> Feature flags:   [x] classic_mirrored_queue_version
2022-07-31 18:36:30.873089+00:00 [info] <0.221.0> Feature flags:   [x] implicit_default_bindings
2022-07-31 18:36:30.873113+00:00 [info] <0.221.0> Feature flags:   [x] maintenance_mode_status
2022-07-31 18:36:30.873168+00:00 [info] <0.221.0> Feature flags:   [x] quorum_queue
2022-07-31 18:36:30.873258+00:00 [info] <0.221.0> Feature flags:   [x] stream_queue
2022-07-31 18:36:30.873308+00:00 [info] <0.221.0> Feature flags:   [~] user_limits
2022-07-31 18:36:30.873358+00:00 [info] <0.221.0> Feature flags:   [ ] virtual_host_metadata
2022-07-31 18:36:30.873435+00:00 [info] <0.221.0> Feature flags: feature flag states written to disk: yes
2022-07-31 18:36:30.885419+00:00 [info] <0.221.0> Waiting for Mnesia tables for 30000 ms, 9 retries left
2022-07-31 18:36:30.885580+00:00 [info] <0.221.0> Successfully synced tables from a peer
2022-07-31 18:36:30.983174+00:00 [info] <0.221.0> Feature flag `user_limits`: mark as enabled=true
2022-07-31 18:36:31.003604+00:00 [info] <0.221.0> Feature flags: list of feature flags found:
2022-07-31 18:36:31.003724+00:00 [info] <0.221.0> Feature flags:   [x] classic_mirrored_queue_version
2022-07-31 18:36:31.003818+00:00 [info] <0.221.0> Feature flags:   [x] implicit_default_bindings
2022-07-31 18:36:31.003904+00:00 [info] <0.221.0> Feature flags:   [x] maintenance_mode_status
2022-07-31 18:36:31.003965+00:00 [info] <0.221.0> Feature flags:   [x] quorum_queue
2022-07-31 18:36:31.004021+00:00 [info] <0.221.0> Feature flags:   [x] stream_queue
2022-07-31 18:36:31.004105+00:00 [info] <0.221.0> Feature flags:   [x] user_limits
2022-07-31 18:36:31.004164+00:00 [info] <0.221.0> Feature flags:   [ ] virtual_host_metadata
2022-07-31 18:36:31.004236+00:00 [info] <0.221.0> Feature flags: feature flag states written to disk: yes
2022-07-31 18:36:31.021550+00:00 [info] <0.221.0> Feature flag `virtual_host_metadata`: supported, attempt to enable...
2022-07-31 18:36:31.021878+00:00 [info] <0.221.0> Feature flag `virtual_host_metadata`: mark as enabled=state_changing
2022-07-31 18:36:31.023258+00:00 [info] <0.221.0> Feature flags: list of feature flags found:
2022-07-31 18:36:31.023391+00:00 [info] <0.221.0> Feature flags:   [x] classic_mirrored_queue_version
2022-07-31 18:36:31.023438+00:00 [info] <0.221.0> Feature flags:   [x] implicit_default_bindings
2022-07-31 18:36:31.023511+00:00 [info] <0.221.0> Feature flags:   [x] maintenance_mode_status
2022-07-31 18:36:31.023577+00:00 [info] <0.221.0> Feature flags:   [x] quorum_queue
2022-07-31 18:36:31.023643+00:00 [info] <0.221.0> Feature flags:   [x] stream_queue
2022-07-31 18:36:31.023720+00:00 [info] <0.221.0> Feature flags:   [x] user_limits
2022-07-31 18:36:31.023786+00:00 [info] <0.221.0> Feature flags:   [~] virtual_host_metadata
2022-07-31 18:36:31.023849+00:00 [info] <0.221.0> Feature flags: feature flag states written to disk: yes
2022-07-31 18:36:31.036224+00:00 [info] <0.221.0> Waiting for Mnesia tables for 30000 ms, 9 retries left
2022-07-31 18:36:31.036413+00:00 [info] <0.221.0> Successfully synced tables from a peer
2022-07-31 18:36:31.295386+00:00 [info] <0.221.0> Feature flag `virtual_host_metadata`: mark as enabled=true
2022-07-31 18:36:31.305094+00:00 [info] <0.221.0> Feature flags: list of feature flags found:
2022-07-31 18:36:31.305235+00:00 [info] <0.221.0> Feature flags:   [x] classic_mirrored_queue_version
2022-07-31 18:36:31.305293+00:00 [info] <0.221.0> Feature flags:   [x] implicit_default_bindings
2022-07-31 18:36:31.305343+00:00 [info] <0.221.0> Feature flags:   [x] maintenance_mode_status
2022-07-31 18:36:31.305375+00:00 [info] <0.221.0> Feature flags:   [x] quorum_queue
2022-07-31 18:36:31.305404+00:00 [info] <0.221.0> Feature flags:   [x] stream_queue
2022-07-31 18:36:31.305501+00:00 [info] <0.221.0> Feature flags:   [x] user_limits
2022-07-31 18:36:31.305538+00:00 [info] <0.221.0> Feature flags:   [x] virtual_host_metadata
2022-07-31 18:36:31.305574+00:00 [info] <0.221.0> Feature flags: feature flag states written to disk: yes
2022-07-31 18:36:31.317559+00:00 [info] <0.221.0> Waiting for Mnesia tables for 30000 ms, 9 retries left
2022-07-31 18:36:31.317712+00:00 [info] <0.221.0> Successfully synced tables from a peer
2022-07-31 18:36:31.346710+00:00 [info] <0.221.0> Waiting for Mnesia tables for 30000 ms, 9 retries left
2022-07-31 18:36:31.347002+00:00 [info] <0.221.0> Successfully synced tables from a peer
2022-07-31 18:36:31.347062+00:00 [info] <0.221.0> Peer discovery backend rabbit_peer_discovery_classic_config does not support registration, skipping registration.
2022-07-31 18:36:31.347123+00:00 [info] <0.221.0> Will try to unlock with peer discovery backend rabbit_peer_discovery_classic_config
2022-07-31 18:36:31.347292+00:00 [info] <0.221.0> Running boot step database_sync defined by app rabbit
2022-07-31 18:36:31.347406+00:00 [info] <0.221.0> Running boot step feature_flags defined by app rabbit
2022-07-31 18:36:31.350872+00:00 [info] <0.221.0> Running boot step codec_correctness_check defined by app rabbit
2022-07-31 18:36:31.350975+00:00 [info] <0.221.0> Running boot step external_infrastructure defined by app rabbit
2022-07-31 18:36:31.351013+00:00 [info] <0.221.0> Running boot step rabbit_registry defined by app rabbit
2022-07-31 18:36:31.351254+00:00 [info] <0.221.0> Running boot step rabbit_auth_mechanism_cr_demo defined by app rabbit
2022-07-31 18:36:31.351365+00:00 [info] <0.221.0> Running boot step rabbit_queue_location_random defined by app rabbit
2022-07-31 18:36:31.351433+00:00 [info] <0.221.0> Running boot step rabbit_event defined by app rabbit
2022-07-31 18:36:31.351552+00:00 [info] <0.221.0> Running boot step rabbit_auth_mechanism_amqplain defined by app rabbit
2022-07-31 18:36:31.351607+00:00 [info] <0.221.0> Running boot step rabbit_auth_mechanism_plain defined by app rabbit
2022-07-31 18:36:31.351651+00:00 [info] <0.221.0> Running boot step rabbit_exchange_type_direct defined by app rabbit
2022-07-31 18:36:31.351833+00:00 [info] <0.221.0> Running boot step rabbit_exchange_type_fanout defined by app rabbit
2022-07-31 18:36:31.351913+00:00 [info] <0.221.0> Running boot step rabbit_exchange_type_headers defined by app rabbit
2022-07-31 18:36:31.351968+00:00 [info] <0.221.0> Running boot step rabbit_exchange_type_topic defined by app rabbit
2022-07-31 18:36:31.352024+00:00 [info] <0.221.0> Running boot step rabbit_mirror_queue_mode_all defined by app rabbit
2022-07-31 18:36:31.352077+00:00 [info] <0.221.0> Running boot step rabbit_mirror_queue_mode_exactly defined by app rabbit
2022-07-31 18:36:31.352202+00:00 [info] <0.221.0> Running boot step rabbit_mirror_queue_mode_nodes defined by app rabbit
2022-07-31 18:36:31.352259+00:00 [info] <0.221.0> Running boot step rabbit_priority_queue defined by app rabbit
2022-07-31 18:36:31.352339+00:00 [info] <0.221.0> Priority queues enabled, real BQ is rabbit_variable_queue
2022-07-31 18:36:31.352399+00:00 [info] <0.221.0> Running boot step rabbit_queue_location_client_local defined by app rabbit
2022-07-31 18:36:31.352466+00:00 [info] <0.221.0> Running boot step rabbit_queue_location_min_masters defined by app rabbit
2022-07-31 18:36:31.352527+00:00 [info] <0.221.0> Running boot step kernel_ready defined by app rabbit
2022-07-31 18:36:31.352559+00:00 [info] <0.221.0> Running boot step rabbit_sysmon_minder defined by app rabbit
2022-07-31 18:36:31.352746+00:00 [info] <0.221.0> Running boot step rabbit_epmd_monitor defined by app rabbit
2022-07-31 18:36:31.355860+00:00 [info] <0.566.0> epmd monitor knows us, inter-node communication (distribution) port: 25672
2022-07-31 18:36:31.356056+00:00 [info] <0.221.0> Running boot step guid_generator defined by app rabbit
2022-07-31 18:36:31.363880+00:00 [info] <0.221.0> Running boot step rabbit_node_monitor defined by app rabbit
2022-07-31 18:36:31.364175+00:00 [info] <0.570.0> Starting rabbit_node_monitor
2022-07-31 18:36:31.364378+00:00 [info] <0.221.0> Running boot step delegate_sup defined by app rabbit
2022-07-31 18:36:31.365251+00:00 [info] <0.221.0> Running boot step rabbit_memory_monitor defined by app rabbit
2022-07-31 18:36:31.365682+00:00 [info] <0.221.0> Running boot step rabbit_fifo_dlx_sup defined by app rabbit
2022-07-31 18:36:31.365816+00:00 [info] <0.221.0> Running boot step core_initialized defined by app rabbit
2022-07-31 18:36:31.365893+00:00 [info] <0.221.0> Running boot step upgrade_queues defined by app rabbit
2022-07-31 18:36:31.381130+00:00 [info] <0.221.0> message_store upgrades: 1 to apply
2022-07-31 18:36:31.381330+00:00 [info] <0.221.0> message_store upgrades: Applying rabbit_variable_queue:move_messages_to_vhost_store
2022-07-31 18:36:31.381766+00:00 [info] <0.221.0> message_store upgrades: No durable queues found. Skipping message store migration
2022-07-31 18:36:31.381813+00:00 [info] <0.221.0> message_store upgrades: Removing the old message store data
2022-07-31 18:36:31.385390+00:00 [info] <0.221.0> message_store upgrades: All upgrades applied successfully
2022-07-31 18:36:31.407180+00:00 [info] <0.221.0> Running boot step channel_tracking defined by app rabbit
2022-07-31 18:36:31.419453+00:00 [info] <0.221.0> Setting up a table for channel tracking on this node: tracked_channel_on_node_rabbit@f1ef99902aac
2022-07-31 18:36:31.433590+00:00 [info] <0.221.0> Setting up a table for channel tracking on this node: tracked_channel_table_per_user_on_node_rabbit@f1ef99902aac
2022-07-31 18:36:31.434054+00:00 [info] <0.221.0> Running boot step rabbit_channel_tracking_handler defined by app rabbit
2022-07-31 18:36:31.434178+00:00 [info] <0.221.0> Running boot step connection_tracking defined by app rabbit
2022-07-31 18:36:31.445511+00:00 [info] <0.221.0> Setting up a table for connection tracking on this node: tracked_connection_on_node_rabbit@f1ef99902aac
2022-07-31 18:36:31.460800+00:00 [info] <0.221.0> Setting up a table for per-vhost connection counting on this node: tracked_connection_per_vhost_on_node_rabbit@f1ef99902aac
2022-07-31 18:36:31.483978+00:00 [info] <0.221.0> Setting up a table for per-user connection counting on this node: tracked_connection_table_per_user_on_node_rabbit@f1ef99902aac
2022-07-31 18:36:31.484663+00:00 [info] <0.221.0> Running boot step rabbit_connection_tracking_handler defined by app rabbit
2022-07-31 18:36:31.484872+00:00 [info] <0.221.0> Running boot step rabbit_definitions_hashing defined by app rabbit
2022-07-31 18:36:31.485299+00:00 [info] <0.221.0> Running boot step rabbit_exchange_parameters defined by app rabbit
2022-07-31 18:36:31.485444+00:00 [info] <0.221.0> Running boot step rabbit_mirror_queue_misc defined by app rabbit
2022-07-31 18:36:31.485798+00:00 [info] <0.221.0> Running boot step rabbit_policies defined by app rabbit
2022-07-31 18:36:31.486264+00:00 [info] <0.221.0> Running boot step rabbit_policy defined by app rabbit
2022-07-31 18:36:31.486333+00:00 [info] <0.221.0> Running boot step rabbit_queue_location_validator defined by app rabbit
2022-07-31 18:36:31.486403+00:00 [info] <0.221.0> Running boot step rabbit_quorum_memory_manager defined by app rabbit
2022-07-31 18:36:31.486495+00:00 [info] <0.221.0> Running boot step rabbit_stream_coordinator defined by app rabbit
2022-07-31 18:36:31.487152+00:00 [info] <0.221.0> Running boot step rabbit_vhost_limit defined by app rabbit
2022-07-31 18:36:31.487253+00:00 [info] <0.221.0> Running boot step recovery defined by app rabbit
2022-07-31 18:36:31.498464+00:00 [info] <0.221.0> Running boot step empty_db_check defined by app rabbit
2022-07-31 18:36:31.498700+00:00 [info] <0.221.0> Will seed default virtual host and user...
2022-07-31 18:36:31.498857+00:00 [info] <0.221.0> Adding vhost '/' (description: 'Default virtual host', tags: [])
2022-07-31 18:36:31.541071+00:00 [info] <0.627.0> Making sure data directory '/var/lib/rabbitmq/mnesia/rabbit@f1ef99902aac/msg_stores/vhosts/628WB79CIFDYO9LJI6DKMI09L' for vhost '/' exists
2022-07-31 18:36:31.555484+00:00 [info] <0.627.0> Setting segment_entry_count for vhost '/' with 0 queues to '2048'
2022-07-31 18:36:31.571496+00:00 [info] <0.627.0> Starting message stores for vhost '/'
2022-07-31 18:36:31.571913+00:00 [info] <0.632.0> Message store "628WB79CIFDYO9LJI6DKMI09L/msg_store_transient": using rabbit_msg_store_ets_index to provide index
2022-07-31 18:36:31.596786+00:00 [info] <0.627.0> Started message store of type transient for vhost '/'
2022-07-31 18:36:31.597047+00:00 [info] <0.636.0> Message store "628WB79CIFDYO9LJI6DKMI09L/msg_store_persistent": using rabbit_msg_store_ets_index to provide index
2022-07-31 18:36:31.603631+00:00 [warning] <0.636.0> Message store "628WB79CIFDYO9LJI6DKMI09L/msg_store_persistent": rebuilding indices from scratch
2022-07-31 18:36:31.609895+00:00 [info] <0.627.0> Started message store of type persistent for vhost '/'
2022-07-31 18:36:31.610061+00:00 [info] <0.627.0> Recovering 0 queues of type rabbit_classic_queue took 49ms
2022-07-31 18:36:31.610126+00:00 [info] <0.627.0> Recovering 0 queues of type rabbit_quorum_queue took 0ms
2022-07-31 18:36:31.610197+00:00 [info] <0.627.0> Recovering 0 queues of type rabbit_stream_queue took 0ms
2022-07-31 18:36:31.614213+00:00 [info] <0.221.0> Created user 'guest'
2022-07-31 18:36:31.615645+00:00 [info] <0.221.0> Successfully set user tags for user 'guest' to [administrator]
2022-07-31 18:36:31.617174+00:00 [info] <0.221.0> Successfully set permissions for 'guest' in virtual host '/' to '.*', '.*', '.*'
2022-07-31 18:36:31.617252+00:00 [info] <0.221.0> Running boot step rabbit_looking_glass defined by app rabbit
2022-07-31 18:36:31.617281+00:00 [info] <0.221.0> Running boot step rabbit_core_metrics_gc defined by app rabbit
2022-07-31 18:36:31.617630+00:00 [info] <0.221.0> Running boot step background_gc defined by app rabbit
2022-07-31 18:36:31.617959+00:00 [info] <0.221.0> Running boot step routing_ready defined by app rabbit
2022-07-31 18:36:31.618038+00:00 [info] <0.221.0> Running boot step pre_flight defined by app rabbit
2022-07-31 18:36:31.618073+00:00 [info] <0.221.0> Running boot step notify_cluster defined by app rabbit
2022-07-31 18:36:31.618129+00:00 [info] <0.221.0> Running boot step networking defined by app rabbit
2022-07-31 18:36:31.618171+00:00 [info] <0.221.0> Running boot step rabbit_maintenance_mode_state defined by app rabbit
2022-07-31 18:36:31.618200+00:00 [info] <0.221.0> Creating table rabbit_node_maintenance_states for feature flag `maintenance_mode_status`
2022-07-31 18:36:31.618443+00:00 [info] <0.221.0> Running boot step definition_import_worker_pool defined by app rabbit
2022-07-31 18:36:31.618604+00:00 [info] <0.283.0> Starting worker pool 'definition_import_pool' with 8 processes in it
2022-07-31 18:36:31.619782+00:00 [info] <0.221.0> Running boot step cluster_name defined by app rabbit
2022-07-31 18:36:31.619945+00:00 [info] <0.221.0> Initialising internal cluster ID to 'rabbitmq-cluster-id-NNQJnM2Ap4_uynaQXh_2Dg'
2022-07-31 18:36:31.622436+00:00 [info] <0.221.0> Running boot step direct_client defined by app rabbit
2022-07-31 18:36:31.622767+00:00 [info] <0.674.0> Resetting node maintenance status
2022-07-31 18:36:31.623033+00:00 [info] <0.674.0> Ready to start client connection listeners
2022-07-31 18:36:31.626670+00:00 [info] <0.692.0> started TCP listener on [::]:5672
2022-07-31 18:36:31.743642+00:00 [info] <0.674.0> Server startup complete; 0 plugins started.
2022-07-31 18:37:26.064158+00:00 [notice] <0.60.0> SIGTERM received - shutting down
2022-07-31 18:37:26.064158+00:00 [notice] <0.60.0> 
2022-07-31 18:37:26.065705+00:00 [info] <0.221.0> Peer discovery backend rabbit_peer_discovery_classic_config does not support registration, skipping unregistration.
2022-07-31 18:37:26.065949+00:00 [info] <0.692.0> stopped TCP listener on [::]:5672
2022-07-31 18:37:26.067855+00:00 [info] <0.775.0> Closing all connections in vhost '/' on node 'rabbit@f1ef99902aac' because the vhost is stopping
2022-07-31 18:37:26.068075+00:00 [info] <0.636.0> Stopping message store for directory '/var/lib/rabbitmq/mnesia/rabbit@f1ef99902aac/msg_stores/vhosts/628WB79CIFDYO9LJI6DKMI09L/msg_store_persistent'
2022-07-31 18:37:26.094842+00:00 [info] <0.636.0> Message store for directory '/var/lib/rabbitmq/mnesia/rabbit@f1ef99902aac/msg_stores/vhosts/628WB79CIFDYO9LJI6DKMI09L/msg_store_persistent' is stopped
2022-07-31 18:37:26.095097+00:00 [info] <0.632.0> Stopping message store for directory '/var/lib/rabbitmq/mnesia/rabbit@f1ef99902aac/msg_stores/vhosts/628WB79CIFDYO9LJI6DKMI09L/msg_store_transient'
2022-07-31 18:37:26.147455+00:00 [info] <0.632.0> Message store for directory '/var/lib/rabbitmq/mnesia/rabbit@f1ef99902aac/msg_stores/vhosts/628WB79CIFDYO9LJI6DKMI09L/msg_store_transient' is stopped
