2022-07-29 20:27:21.552061+00:00 [notice] <0.221.0> Logging: configured log handlers are now ACTIVE
2022-07-29 20:27:22.131343+00:00 [info] <0.221.0> ra: starting system quorum_queues
2022-07-29 20:27:22.131465+00:00 [info] <0.221.0> starting Ra system: quorum_queues in directory: /var/lib/rabbitmq/mnesia/rabbit@f20d2aeed903/quorum/rabbit@f20d2aeed903
2022-07-29 20:27:22.562241+00:00 [info] <0.258.0> ra system 'quorum_queues' running pre init for 0 registered servers
2022-07-29 20:27:22.662001+00:00 [info] <0.259.0> ra: meta data store initialised for system quorum_queues. 0 record(s) recovered
2022-07-29 20:27:23.000292+00:00 [notice] <0.264.0> WAL: ra_log_wal init, open tbls: ra_log_open_mem_tables, closed tbls: ra_log_closed_mem_tables
2022-07-29 20:27:23.058145+00:00 [info] <0.221.0> ra: starting system coordination
2022-07-29 20:27:23.058215+00:00 [info] <0.221.0> starting Ra system: coordination in directory: /var/lib/rabbitmq/mnesia/rabbit@f20d2aeed903/coordination/rabbit@f20d2aeed903
2022-07-29 20:27:23.077048+00:00 [info] <0.271.0> ra system 'coordination' running pre init for 0 registered servers
2022-07-29 20:27:23.082055+00:00 [info] <0.272.0> ra: meta data store initialised for system coordination. 0 record(s) recovered
2022-07-29 20:27:23.082272+00:00 [notice] <0.277.0> WAL: ra_coordination_log_wal init, open tbls: ra_coordination_log_open_mem_tables, closed tbls: ra_coordination_log_closed_mem_tables
2022-07-29 20:27:23.099379+00:00 [info] <0.221.0> 
2022-07-29 20:27:23.099379+00:00 [info] <0.221.0>  Starting RabbitMQ 3.10.6 on Erlang 24.3.4.2 [jit]
2022-07-29 20:27:23.099379+00:00 [info] <0.221.0>  Copyright (c) 2007-2022 VMware, Inc. or its affiliates.
2022-07-29 20:27:23.099379+00:00 [info] <0.221.0>  Licensed under the MPL 2.0. Website: https://rabbitmq.com
2022-07-29 20:27:23.101302+00:00 [info] <0.221.0> 
2022-07-29 20:27:23.101302+00:00 [info] <0.221.0>  node           : rabbit@f20d2aeed903
2022-07-29 20:27:23.101302+00:00 [info] <0.221.0>  home dir       : /var/lib/rabbitmq
2022-07-29 20:27:23.101302+00:00 [info] <0.221.0>  config file(s) : (none)
2022-07-29 20:27:23.101302+00:00 [info] <0.221.0>  cookie hash    : w0TBESsEGfxBGs/7PwogCA==
2022-07-29 20:27:23.101302+00:00 [info] <0.221.0>  log(s)         : /var/log/rabbitmq/rabbit@f20d2aeed903.log
2022-07-29 20:27:23.101302+00:00 [info] <0.221.0>                 : /var/log/rabbitmq/rabbit@f20d2aeed903_upgrade.log
2022-07-29 20:27:23.101302+00:00 [info] <0.221.0>                 : <stdout>
2022-07-29 20:27:23.101302+00:00 [info] <0.221.0>  database dir   : /var/lib/rabbitmq/mnesia/rabbit@f20d2aeed903
2022-07-29 20:27:28.982812+00:00 [info] <0.221.0> Running boot step pre_boot defined by app rabbit
2022-07-29 20:27:28.982919+00:00 [info] <0.221.0> Running boot step rabbit_global_counters defined by app rabbit
2022-07-29 20:27:28.983244+00:00 [info] <0.221.0> Running boot step rabbit_osiris_metrics defined by app rabbit
2022-07-29 20:27:28.983359+00:00 [info] <0.221.0> Running boot step rabbit_core_metrics defined by app rabbit
2022-07-29 20:27:28.984262+00:00 [info] <0.221.0> Running boot step rabbit_alarm defined by app rabbit
2022-07-29 20:27:28.989399+00:00 [info] <0.292.0> Memory high watermark set to 3166 MiB (3320417484 bytes) of 7916 MiB (8301043712 bytes) total
2022-07-29 20:27:28.994992+00:00 [info] <0.294.0> Enabling free disk space monitoring
2022-07-29 20:27:28.995102+00:00 [info] <0.294.0> Disk free limit set to 50MB
2022-07-29 20:27:28.999313+00:00 [info] <0.221.0> Running boot step code_server_cache defined by app rabbit
2022-07-29 20:27:28.999495+00:00 [info] <0.221.0> Running boot step file_handle_cache defined by app rabbit
2022-07-29 20:27:28.999882+00:00 [info] <0.299.0> Limiting to approx 1048479 file handles (943629 sockets)
2022-07-29 20:27:29.000093+00:00 [info] <0.300.0> FHC read buffering: OFF
2022-07-29 20:27:29.000141+00:00 [info] <0.300.0> FHC write buffering: ON
2022-07-29 20:27:29.000807+00:00 [info] <0.221.0> Running boot step worker_pool defined by app rabbit
2022-07-29 20:27:29.000990+00:00 [info] <0.279.0> Will use 8 processes for default worker pool
2022-07-29 20:27:29.001046+00:00 [info] <0.279.0> Starting worker pool 'worker_pool' with 8 processes in it
2022-07-29 20:27:29.001758+00:00 [info] <0.221.0> Running boot step database defined by app rabbit
2022-07-29 20:27:29.006564+00:00 [info] <0.221.0> Node database directory at /var/lib/rabbitmq/mnesia/rabbit@f20d2aeed903 is empty. Assuming we need to join an existing cluster or initialise from scratch...
2022-07-29 20:27:29.006707+00:00 [info] <0.221.0> Configured peer discovery backend: rabbit_peer_discovery_classic_config
2022-07-29 20:27:29.006751+00:00 [info] <0.221.0> Will try to lock with peer discovery backend rabbit_peer_discovery_classic_config
2022-07-29 20:27:29.006900+00:00 [info] <0.221.0> All discovered existing cluster peers:
2022-07-29 20:27:29.006946+00:00 [info] <0.221.0> Discovered no peer nodes to cluster with. Some discovery backends can filter nodes out based on a readiness criteria. Enabling debug logging might help troubleshoot.
2022-07-29 20:27:29.012198+00:00 [notice] <0.44.0> Application mnesia exited with reason: stopped
2022-07-29 20:27:29.548320+00:00 [info] <0.221.0> Waiting for Mnesia tables for 30000 ms, 9 retries left
2022-07-29 20:27:29.548546+00:00 [info] <0.221.0> Successfully synced tables from a peer
2022-07-29 20:27:29.564565+00:00 [info] <0.221.0> Waiting for Mnesia tables for 30000 ms, 9 retries left
2022-07-29 20:27:29.564715+00:00 [info] <0.221.0> Successfully synced tables from a peer
2022-07-29 20:27:29.564809+00:00 [info] <0.221.0> Feature flag `classic_mirrored_queue_version`: supported, attempt to enable...
2022-07-29 20:27:29.564931+00:00 [info] <0.221.0> Feature flag `classic_mirrored_queue_version`: mark as enabled=state_changing
2022-07-29 20:27:29.566027+00:00 [info] <0.221.0> Feature flags: list of feature flags found:
2022-07-29 20:27:29.566178+00:00 [info] <0.221.0> Feature flags:   [~] classic_mirrored_queue_version
2022-07-29 20:27:29.566235+00:00 [info] <0.221.0> Feature flags:   [ ] implicit_default_bindings
2022-07-29 20:27:29.566265+00:00 [info] <0.221.0> Feature flags:   [ ] maintenance_mode_status
2022-07-29 20:27:29.566291+00:00 [info] <0.221.0> Feature flags:   [ ] quorum_queue
2022-07-29 20:27:29.566319+00:00 [info] <0.221.0> Feature flags:   [ ] stream_queue
2022-07-29 20:27:29.566342+00:00 [info] <0.221.0> Feature flags:   [ ] user_limits
2022-07-29 20:27:29.566373+00:00 [info] <0.221.0> Feature flags:   [ ] virtual_host_metadata
2022-07-29 20:27:29.566434+00:00 [info] <0.221.0> Feature flags: feature flag states written to disk: yes
2022-07-29 20:27:29.579293+00:00 [info] <0.221.0> Feature flag `classic_mirrored_queue_version`: mark as enabled=true
2022-07-29 20:27:29.584746+00:00 [info] <0.221.0> Feature flags: list of feature flags found:
2022-07-29 20:27:29.584866+00:00 [info] <0.221.0> Feature flags:   [x] classic_mirrored_queue_version
2022-07-29 20:27:29.584911+00:00 [info] <0.221.0> Feature flags:   [ ] implicit_default_bindings
2022-07-29 20:27:29.585299+00:00 [info] <0.221.0> Feature flags:   [ ] maintenance_mode_status
2022-07-29 20:27:29.585430+00:00 [info] <0.221.0> Feature flags:   [ ] quorum_queue
2022-07-29 20:27:29.585499+00:00 [info] <0.221.0> Feature flags:   [ ] stream_queue
2022-07-29 20:27:29.585560+00:00 [info] <0.221.0> Feature flags:   [ ] user_limits
2022-07-29 20:27:29.585589+00:00 [info] <0.221.0> Feature flags:   [ ] virtual_host_metadata
2022-07-29 20:27:29.585649+00:00 [info] <0.221.0> Feature flags: feature flag states written to disk: yes
2022-07-29 20:27:29.605013+00:00 [info] <0.221.0> Feature flag `implicit_default_bindings`: supported, attempt to enable...
2022-07-29 20:27:29.605098+00:00 [info] <0.221.0> Feature flag `implicit_default_bindings`: mark as enabled=state_changing
2022-07-29 20:27:29.606032+00:00 [info] <0.221.0> Feature flags: list of feature flags found:
2022-07-29 20:27:29.606104+00:00 [info] <0.221.0> Feature flags:   [x] classic_mirrored_queue_version
2022-07-29 20:27:29.606164+00:00 [info] <0.221.0> Feature flags:   [~] implicit_default_bindings
2022-07-29 20:27:29.606195+00:00 [info] <0.221.0> Feature flags:   [ ] maintenance_mode_status
2022-07-29 20:27:29.606247+00:00 [info] <0.221.0> Feature flags:   [ ] quorum_queue
2022-07-29 20:27:29.606275+00:00 [info] <0.221.0> Feature flags:   [ ] stream_queue
2022-07-29 20:27:29.606335+00:00 [info] <0.221.0> Feature flags:   [ ] user_limits
2022-07-29 20:27:29.606363+00:00 [info] <0.221.0> Feature flags:   [ ] virtual_host_metadata
2022-07-29 20:27:29.606387+00:00 [info] <0.221.0> Feature flags: feature flag states written to disk: yes
2022-07-29 20:27:29.621857+00:00 [info] <0.221.0> Waiting for Mnesia tables for 30000 ms, 0 retries left
2022-07-29 20:27:29.622065+00:00 [info] <0.221.0> Successfully synced tables from a peer
2022-07-29 20:27:29.622140+00:00 [info] <0.221.0> Feature flag `implicit_default_bindings`: mark as enabled=true
2022-07-29 20:27:29.635607+00:00 [info] <0.221.0> Feature flags: list of feature flags found:
2022-07-29 20:27:29.636192+00:00 [info] <0.221.0> Feature flags:   [x] classic_mirrored_queue_version
2022-07-29 20:27:29.636251+00:00 [info] <0.221.0> Feature flags:   [x] implicit_default_bindings
2022-07-29 20:27:29.636303+00:00 [info] <0.221.0> Feature flags:   [ ] maintenance_mode_status
2022-07-29 20:27:29.636330+00:00 [info] <0.221.0> Feature flags:   [ ] quorum_queue
2022-07-29 20:27:29.636351+00:00 [info] <0.221.0> Feature flags:   [ ] stream_queue
2022-07-29 20:27:29.636375+00:00 [info] <0.221.0> Feature flags:   [ ] user_limits
2022-07-29 20:27:29.636397+00:00 [info] <0.221.0> Feature flags:   [ ] virtual_host_metadata
2022-07-29 20:27:29.636431+00:00 [info] <0.221.0> Feature flags: feature flag states written to disk: yes
2022-07-29 20:27:29.648623+00:00 [info] <0.221.0> Feature flag `maintenance_mode_status`: supported, attempt to enable...
2022-07-29 20:27:29.648894+00:00 [info] <0.221.0> Feature flag `maintenance_mode_status`: mark as enabled=state_changing
2022-07-29 20:27:29.649983+00:00 [info] <0.221.0> Feature flags: list of feature flags found:
2022-07-29 20:27:29.650068+00:00 [info] <0.221.0> Feature flags:   [x] classic_mirrored_queue_version
2022-07-29 20:27:29.650109+00:00 [info] <0.221.0> Feature flags:   [x] implicit_default_bindings
2022-07-29 20:27:29.650140+00:00 [info] <0.221.0> Feature flags:   [~] maintenance_mode_status
2022-07-29 20:27:29.650232+00:00 [info] <0.221.0> Feature flags:   [ ] quorum_queue
2022-07-29 20:27:29.650263+00:00 [info] <0.221.0> Feature flags:   [ ] stream_queue
2022-07-29 20:27:29.650289+00:00 [info] <0.221.0> Feature flags:   [ ] user_limits
2022-07-29 20:27:29.650313+00:00 [info] <0.221.0> Feature flags:   [ ] virtual_host_metadata
2022-07-29 20:27:29.650339+00:00 [info] <0.221.0> Feature flags: feature flag states written to disk: yes
2022-07-29 20:27:29.661614+00:00 [info] <0.221.0> Creating table rabbit_node_maintenance_states for feature flag `maintenance_mode_status`
2022-07-29 20:27:29.679066+00:00 [info] <0.221.0> Feature flag `maintenance_mode_status`: mark as enabled=true
2022-07-29 20:27:29.689990+00:00 [info] <0.221.0> Feature flags: list of feature flags found:
2022-07-29 20:27:29.690069+00:00 [info] <0.221.0> Feature flags:   [x] classic_mirrored_queue_version
2022-07-29 20:27:29.690104+00:00 [info] <0.221.0> Feature flags:   [x] implicit_default_bindings
2022-07-29 20:27:29.690179+00:00 [info] <0.221.0> Feature flags:   [x] maintenance_mode_status
2022-07-29 20:27:29.690206+00:00 [info] <0.221.0> Feature flags:   [ ] quorum_queue
2022-07-29 20:27:29.690229+00:00 [info] <0.221.0> Feature flags:   [ ] stream_queue
2022-07-29 20:27:29.690324+00:00 [info] <0.221.0> Feature flags:   [ ] user_limits
2022-07-29 20:27:29.690352+00:00 [info] <0.221.0> Feature flags:   [ ] virtual_host_metadata
2022-07-29 20:27:29.690375+00:00 [info] <0.221.0> Feature flags: feature flag states written to disk: yes
2022-07-29 20:27:29.703369+00:00 [info] <0.221.0> Feature flag `quorum_queue`: supported, attempt to enable...
2022-07-29 20:27:29.703517+00:00 [info] <0.221.0> Feature flag `quorum_queue`: mark as enabled=state_changing
2022-07-29 20:27:29.704564+00:00 [info] <0.221.0> Feature flags: list of feature flags found:
2022-07-29 20:27:29.704668+00:00 [info] <0.221.0> Feature flags:   [x] classic_mirrored_queue_version
2022-07-29 20:27:29.704705+00:00 [info] <0.221.0> Feature flags:   [x] implicit_default_bindings
2022-07-29 20:27:29.704730+00:00 [info] <0.221.0> Feature flags:   [x] maintenance_mode_status
2022-07-29 20:27:29.704768+00:00 [info] <0.221.0> Feature flags:   [~] quorum_queue
2022-07-29 20:27:29.704791+00:00 [info] <0.221.0> Feature flags:   [ ] stream_queue
2022-07-29 20:27:29.704813+00:00 [info] <0.221.0> Feature flags:   [ ] user_limits
2022-07-29 20:27:29.704834+00:00 [info] <0.221.0> Feature flags:   [ ] virtual_host_metadata
2022-07-29 20:27:29.704857+00:00 [info] <0.221.0> Feature flags: feature flag states written to disk: yes
2022-07-29 20:27:29.717222+00:00 [info] <0.221.0> Waiting for Mnesia tables for 30000 ms, 9 retries left
2022-07-29 20:27:29.717441+00:00 [info] <0.221.0> Successfully synced tables from a peer
2022-07-29 20:27:29.717479+00:00 [info] <0.221.0> Feature flag `quorum_queue`:   migrating Mnesia table rabbit_queue...
2022-07-29 20:27:29.809438+00:00 [info] <0.221.0> Feature flag `quorum_queue`:   migrating Mnesia table rabbit_durable_queue...
2022-07-29 20:27:29.893910+00:00 [info] <0.221.0> Feature flag `quorum_queue`:   Mnesia tables migration done
2022-07-29 20:27:29.893997+00:00 [info] <0.221.0> Feature flag `quorum_queue`: mark as enabled=true
2022-07-29 20:27:29.899980+00:00 [info] <0.221.0> Feature flags: list of feature flags found:
2022-07-29 20:27:29.900037+00:00 [info] <0.221.0> Feature flags:   [x] classic_mirrored_queue_version
2022-07-29 20:27:29.900075+00:00 [info] <0.221.0> Feature flags:   [x] implicit_default_bindings
2022-07-29 20:27:29.900093+00:00 [info] <0.221.0> Feature flags:   [x] maintenance_mode_status
2022-07-29 20:27:29.900117+00:00 [info] <0.221.0> Feature flags:   [x] quorum_queue
2022-07-29 20:27:29.900132+00:00 [info] <0.221.0> Feature flags:   [ ] stream_queue
2022-07-29 20:27:29.900209+00:00 [info] <0.221.0> Feature flags:   [ ] user_limits
2022-07-29 20:27:29.900228+00:00 [info] <0.221.0> Feature flags:   [ ] virtual_host_metadata
2022-07-29 20:27:29.900257+00:00 [info] <0.221.0> Feature flags: feature flag states written to disk: yes
2022-07-29 20:27:29.911095+00:00 [info] <0.221.0> Feature flag `stream_queue`: supported, attempt to enable...
2022-07-29 20:27:29.911180+00:00 [info] <0.221.0> Feature flag `stream_queue`: mark as enabled=state_changing
2022-07-29 20:27:29.912461+00:00 [info] <0.221.0> Feature flags: list of feature flags found:
2022-07-29 20:27:29.912543+00:00 [info] <0.221.0> Feature flags:   [x] classic_mirrored_queue_version
2022-07-29 20:27:29.912572+00:00 [info] <0.221.0> Feature flags:   [x] implicit_default_bindings
2022-07-29 20:27:29.912591+00:00 [info] <0.221.0> Feature flags:   [x] maintenance_mode_status
2022-07-29 20:27:29.912645+00:00 [info] <0.221.0> Feature flags:   [x] quorum_queue
2022-07-29 20:27:29.912711+00:00 [info] <0.221.0> Feature flags:   [~] stream_queue
2022-07-29 20:27:29.912735+00:00 [info] <0.221.0> Feature flags:   [ ] user_limits
2022-07-29 20:27:29.912770+00:00 [info] <0.221.0> Feature flags:   [ ] virtual_host_metadata
2022-07-29 20:27:29.912794+00:00 [info] <0.221.0> Feature flags: feature flag states written to disk: yes
2022-07-29 20:27:29.923728+00:00 [info] <0.221.0> Feature flag `stream_queue`: mark as enabled=true
2022-07-29 20:27:29.929949+00:00 [info] <0.221.0> Feature flags: list of feature flags found:
2022-07-29 20:27:29.930009+00:00 [info] <0.221.0> Feature flags:   [x] classic_mirrored_queue_version
2022-07-29 20:27:29.930033+00:00 [info] <0.221.0> Feature flags:   [x] implicit_default_bindings
2022-07-29 20:27:29.930060+00:00 [info] <0.221.0> Feature flags:   [x] maintenance_mode_status
2022-07-29 20:27:29.930075+00:00 [info] <0.221.0> Feature flags:   [x] quorum_queue
2022-07-29 20:27:29.930090+00:00 [info] <0.221.0> Feature flags:   [x] stream_queue
2022-07-29 20:27:29.930105+00:00 [info] <0.221.0> Feature flags:   [ ] user_limits
2022-07-29 20:27:29.930133+00:00 [info] <0.221.0> Feature flags:   [ ] virtual_host_metadata
2022-07-29 20:27:29.930149+00:00 [info] <0.221.0> Feature flags: feature flag states written to disk: yes
2022-07-29 20:27:29.940055+00:00 [info] <0.221.0> Feature flag `user_limits`: supported, attempt to enable...
2022-07-29 20:27:29.940184+00:00 [info] <0.221.0> Feature flag `user_limits`: mark as enabled=state_changing
2022-07-29 20:27:29.941224+00:00 [info] <0.221.0> Feature flags: list of feature flags found:
2022-07-29 20:27:29.941314+00:00 [info] <0.221.0> Feature flags:   [x] classic_mirrored_queue_version
2022-07-29 20:27:29.941372+00:00 [info] <0.221.0> Feature flags:   [x] implicit_default_bindings
2022-07-29 20:27:29.941436+00:00 [info] <0.221.0> Feature flags:   [x] maintenance_mode_status
2022-07-29 20:27:29.941498+00:00 [info] <0.221.0> Feature flags:   [x] quorum_queue
2022-07-29 20:27:29.941569+00:00 [info] <0.221.0> Feature flags:   [x] stream_queue
2022-07-29 20:27:29.941597+00:00 [info] <0.221.0> Feature flags:   [~] user_limits
2022-07-29 20:27:29.941618+00:00 [info] <0.221.0> Feature flags:   [ ] virtual_host_metadata
2022-07-29 20:27:29.941643+00:00 [info] <0.221.0> Feature flags: feature flag states written to disk: yes
2022-07-29 20:27:29.952218+00:00 [info] <0.221.0> Waiting for Mnesia tables for 30000 ms, 9 retries left
2022-07-29 20:27:29.952349+00:00 [info] <0.221.0> Successfully synced tables from a peer
2022-07-29 20:27:30.015464+00:00 [info] <0.221.0> Feature flag `user_limits`: mark as enabled=true
2022-07-29 20:27:30.022013+00:00 [info] <0.221.0> Feature flags: list of feature flags found:
2022-07-29 20:27:30.022128+00:00 [info] <0.221.0> Feature flags:   [x] classic_mirrored_queue_version
2022-07-29 20:27:30.022170+00:00 [info] <0.221.0> Feature flags:   [x] implicit_default_bindings
2022-07-29 20:27:30.022217+00:00 [info] <0.221.0> Feature flags:   [x] maintenance_mode_status
2022-07-29 20:27:30.022279+00:00 [info] <0.221.0> Feature flags:   [x] quorum_queue
2022-07-29 20:27:30.022336+00:00 [info] <0.221.0> Feature flags:   [x] stream_queue
2022-07-29 20:27:30.022386+00:00 [info] <0.221.0> Feature flags:   [x] user_limits
2022-07-29 20:27:30.022437+00:00 [info] <0.221.0> Feature flags:   [ ] virtual_host_metadata
2022-07-29 20:27:30.022495+00:00 [info] <0.221.0> Feature flags: feature flag states written to disk: yes
2022-07-29 20:27:30.031145+00:00 [info] <0.221.0> Feature flag `virtual_host_metadata`: supported, attempt to enable...
2022-07-29 20:27:30.031305+00:00 [info] <0.221.0> Feature flag `virtual_host_metadata`: mark as enabled=state_changing
2022-07-29 20:27:30.032466+00:00 [info] <0.221.0> Feature flags: list of feature flags found:
2022-07-29 20:27:30.032663+00:00 [info] <0.221.0> Feature flags:   [x] classic_mirrored_queue_version
2022-07-29 20:27:30.032702+00:00 [info] <0.221.0> Feature flags:   [x] implicit_default_bindings
2022-07-29 20:27:30.032726+00:00 [info] <0.221.0> Feature flags:   [x] maintenance_mode_status
2022-07-29 20:27:30.032845+00:00 [info] <0.221.0> Feature flags:   [x] quorum_queue
2022-07-29 20:27:30.032874+00:00 [info] <0.221.0> Feature flags:   [x] stream_queue
2022-07-29 20:27:30.032897+00:00 [info] <0.221.0> Feature flags:   [x] user_limits
2022-07-29 20:27:30.032918+00:00 [info] <0.221.0> Feature flags:   [~] virtual_host_metadata
2022-07-29 20:27:30.033104+00:00 [info] <0.221.0> Feature flags: feature flag states written to disk: yes
2022-07-29 20:27:30.043035+00:00 [info] <0.221.0> Waiting for Mnesia tables for 30000 ms, 9 retries left
2022-07-29 20:27:30.043175+00:00 [info] <0.221.0> Successfully synced tables from a peer
2022-07-29 20:27:30.103692+00:00 [info] <0.221.0> Feature flag `virtual_host_metadata`: mark as enabled=true
2022-07-29 20:27:30.110676+00:00 [info] <0.221.0> Feature flags: list of feature flags found:
2022-07-29 20:27:30.110754+00:00 [info] <0.221.0> Feature flags:   [x] classic_mirrored_queue_version
2022-07-29 20:27:30.110802+00:00 [info] <0.221.0> Feature flags:   [x] implicit_default_bindings
2022-07-29 20:27:30.110874+00:00 [info] <0.221.0> Feature flags:   [x] maintenance_mode_status
2022-07-29 20:27:30.110902+00:00 [info] <0.221.0> Feature flags:   [x] quorum_queue
2022-07-29 20:27:30.110926+00:00 [info] <0.221.0> Feature flags:   [x] stream_queue
2022-07-29 20:27:30.111060+00:00 [info] <0.221.0> Feature flags:   [x] user_limits
2022-07-29 20:27:30.111089+00:00 [info] <0.221.0> Feature flags:   [x] virtual_host_metadata
2022-07-29 20:27:30.111123+00:00 [info] <0.221.0> Feature flags: feature flag states written to disk: yes
2022-07-29 20:27:30.122260+00:00 [info] <0.221.0> Waiting for Mnesia tables for 30000 ms, 9 retries left
2022-07-29 20:27:30.122666+00:00 [info] <0.221.0> Successfully synced tables from a peer
2022-07-29 20:27:30.144479+00:00 [info] <0.221.0> Waiting for Mnesia tables for 30000 ms, 9 retries left
2022-07-29 20:27:30.144654+00:00 [info] <0.221.0> Successfully synced tables from a peer
2022-07-29 20:27:30.144722+00:00 [info] <0.221.0> Peer discovery backend rabbit_peer_discovery_classic_config does not support registration, skipping registration.
2022-07-29 20:27:30.144813+00:00 [info] <0.221.0> Will try to unlock with peer discovery backend rabbit_peer_discovery_classic_config
2022-07-29 20:27:30.144933+00:00 [info] <0.221.0> Running boot step database_sync defined by app rabbit
2022-07-29 20:27:30.145127+00:00 [info] <0.221.0> Running boot step feature_flags defined by app rabbit
2022-07-29 20:27:30.147474+00:00 [info] <0.221.0> Running boot step codec_correctness_check defined by app rabbit
2022-07-29 20:27:30.147592+00:00 [info] <0.221.0> Running boot step external_infrastructure defined by app rabbit
2022-07-29 20:27:30.147618+00:00 [info] <0.221.0> Running boot step rabbit_registry defined by app rabbit
2022-07-29 20:27:30.147819+00:00 [info] <0.221.0> Running boot step rabbit_auth_mechanism_cr_demo defined by app rabbit
2022-07-29 20:27:30.147959+00:00 [info] <0.221.0> Running boot step rabbit_queue_location_random defined by app rabbit
2022-07-29 20:27:30.148049+00:00 [info] <0.221.0> Running boot step rabbit_event defined by app rabbit
2022-07-29 20:27:30.148267+00:00 [info] <0.221.0> Running boot step rabbit_auth_mechanism_amqplain defined by app rabbit
2022-07-29 20:27:30.148352+00:00 [info] <0.221.0> Running boot step rabbit_auth_mechanism_plain defined by app rabbit
2022-07-29 20:27:30.148430+00:00 [info] <0.221.0> Running boot step rabbit_exchange_type_direct defined by app rabbit
2022-07-29 20:27:30.148478+00:00 [info] <0.221.0> Running boot step rabbit_exchange_type_fanout defined by app rabbit
2022-07-29 20:27:30.148532+00:00 [info] <0.221.0> Running boot step rabbit_exchange_type_headers defined by app rabbit
2022-07-29 20:27:30.148569+00:00 [info] <0.221.0> Running boot step rabbit_exchange_type_topic defined by app rabbit
2022-07-29 20:27:30.148605+00:00 [info] <0.221.0> Running boot step rabbit_mirror_queue_mode_all defined by app rabbit
2022-07-29 20:27:30.148695+00:00 [info] <0.221.0> Running boot step rabbit_mirror_queue_mode_exactly defined by app rabbit
2022-07-29 20:27:30.148734+00:00 [info] <0.221.0> Running boot step rabbit_mirror_queue_mode_nodes defined by app rabbit
2022-07-29 20:27:30.148764+00:00 [info] <0.221.0> Running boot step rabbit_priority_queue defined by app rabbit
2022-07-29 20:27:30.148785+00:00 [info] <0.221.0> Priority queues enabled, real BQ is rabbit_variable_queue
2022-07-29 20:27:30.148824+00:00 [info] <0.221.0> Running boot step rabbit_queue_location_client_local defined by app rabbit
2022-07-29 20:27:30.148867+00:00 [info] <0.221.0> Running boot step rabbit_queue_location_min_masters defined by app rabbit
2022-07-29 20:27:30.148967+00:00 [info] <0.221.0> Running boot step kernel_ready defined by app rabbit
2022-07-29 20:27:30.149138+00:00 [info] <0.221.0> Running boot step rabbit_sysmon_minder defined by app rabbit
2022-07-29 20:27:30.149378+00:00 [info] <0.221.0> Running boot step rabbit_epmd_monitor defined by app rabbit
2022-07-29 20:27:30.150607+00:00 [info] <0.566.0> epmd monitor knows us, inter-node communication (distribution) port: 25672
2022-07-29 20:27:30.150814+00:00 [info] <0.221.0> Running boot step guid_generator defined by app rabbit
2022-07-29 20:27:30.157048+00:00 [info] <0.221.0> Running boot step rabbit_node_monitor defined by app rabbit
2022-07-29 20:27:30.157291+00:00 [info] <0.570.0> Starting rabbit_node_monitor
2022-07-29 20:27:30.157494+00:00 [info] <0.221.0> Running boot step delegate_sup defined by app rabbit
2022-07-29 20:27:30.158526+00:00 [info] <0.221.0> Running boot step rabbit_memory_monitor defined by app rabbit
2022-07-29 20:27:30.158890+00:00 [info] <0.221.0> Running boot step rabbit_fifo_dlx_sup defined by app rabbit
2022-07-29 20:27:30.159348+00:00 [info] <0.221.0> Running boot step core_initialized defined by app rabbit
2022-07-29 20:27:30.159426+00:00 [info] <0.221.0> Running boot step upgrade_queues defined by app rabbit
2022-07-29 20:27:30.173089+00:00 [info] <0.221.0> message_store upgrades: 1 to apply
2022-07-29 20:27:30.173245+00:00 [info] <0.221.0> message_store upgrades: Applying rabbit_variable_queue:move_messages_to_vhost_store
2022-07-29 20:27:30.173377+00:00 [info] <0.221.0> message_store upgrades: No durable queues found. Skipping message store migration
2022-07-29 20:27:30.173427+00:00 [info] <0.221.0> message_store upgrades: Removing the old message store data
2022-07-29 20:27:30.176100+00:00 [info] <0.221.0> message_store upgrades: All upgrades applied successfully
2022-07-29 20:27:30.194635+00:00 [info] <0.221.0> Running boot step channel_tracking defined by app rabbit
2022-07-29 20:27:30.204700+00:00 [info] <0.221.0> Setting up a table for channel tracking on this node: tracked_channel_on_node_rabbit@f20d2aeed903
2022-07-29 20:27:30.215483+00:00 [info] <0.221.0> Setting up a table for channel tracking on this node: tracked_channel_table_per_user_on_node_rabbit@f20d2aeed903
2022-07-29 20:27:30.216040+00:00 [info] <0.221.0> Running boot step rabbit_channel_tracking_handler defined by app rabbit
2022-07-29 20:27:30.216161+00:00 [info] <0.221.0> Running boot step connection_tracking defined by app rabbit
2022-07-29 20:27:30.226407+00:00 [info] <0.221.0> Setting up a table for connection tracking on this node: tracked_connection_on_node_rabbit@f20d2aeed903
2022-07-29 20:27:30.237289+00:00 [info] <0.221.0> Setting up a table for per-vhost connection counting on this node: tracked_connection_per_vhost_on_node_rabbit@f20d2aeed903
2022-07-29 20:27:30.248357+00:00 [info] <0.221.0> Setting up a table for per-user connection counting on this node: tracked_connection_table_per_user_on_node_rabbit@f20d2aeed903
2022-07-29 20:27:30.248868+00:00 [info] <0.221.0> Running boot step rabbit_connection_tracking_handler defined by app rabbit
2022-07-29 20:27:30.249080+00:00 [info] <0.221.0> Running boot step rabbit_definitions_hashing defined by app rabbit
2022-07-29 20:27:30.249200+00:00 [info] <0.221.0> Running boot step rabbit_exchange_parameters defined by app rabbit
2022-07-29 20:27:30.249296+00:00 [info] <0.221.0> Running boot step rabbit_mirror_queue_misc defined by app rabbit
2022-07-29 20:27:30.249570+00:00 [info] <0.221.0> Running boot step rabbit_policies defined by app rabbit
2022-07-29 20:27:30.250331+00:00 [info] <0.221.0> Running boot step rabbit_policy defined by app rabbit
2022-07-29 20:27:30.250440+00:00 [info] <0.221.0> Running boot step rabbit_queue_location_validator defined by app rabbit
2022-07-29 20:27:30.250530+00:00 [info] <0.221.0> Running boot step rabbit_quorum_memory_manager defined by app rabbit
2022-07-29 20:27:30.250620+00:00 [info] <0.221.0> Running boot step rabbit_stream_coordinator defined by app rabbit
2022-07-29 20:27:30.251001+00:00 [info] <0.221.0> Running boot step rabbit_vhost_limit defined by app rabbit
2022-07-29 20:27:30.251143+00:00 [info] <0.221.0> Running boot step recovery defined by app rabbit
2022-07-29 20:27:30.252757+00:00 [info] <0.221.0> Running boot step empty_db_check defined by app rabbit
2022-07-29 20:27:30.252876+00:00 [info] <0.221.0> Will seed default virtual host and user...
2022-07-29 20:27:30.253019+00:00 [info] <0.221.0> Adding vhost '/' (description: 'Default virtual host', tags: [])
2022-07-29 20:27:30.267444+00:00 [info] <0.627.0> Making sure data directory '/var/lib/rabbitmq/mnesia/rabbit@f20d2aeed903/msg_stores/vhosts/628WB79CIFDYO9LJI6DKMI09L' for vhost '/' exists
2022-07-29 20:27:30.280796+00:00 [info] <0.627.0> Setting segment_entry_count for vhost '/' with 0 queues to '2048'
2022-07-29 20:27:30.302551+00:00 [info] <0.627.0> Starting message stores for vhost '/'
2022-07-29 20:27:30.302886+00:00 [info] <0.632.0> Message store "628WB79CIFDYO9LJI6DKMI09L/msg_store_transient": using rabbit_msg_store_ets_index to provide index
2022-07-29 20:27:30.327040+00:00 [info] <0.627.0> Started message store of type transient for vhost '/'
2022-07-29 20:27:30.327320+00:00 [info] <0.636.0> Message store "628WB79CIFDYO9LJI6DKMI09L/msg_store_persistent": using rabbit_msg_store_ets_index to provide index
2022-07-29 20:27:30.332472+00:00 [warning] <0.636.0> Message store "628WB79CIFDYO9LJI6DKMI09L/msg_store_persistent": rebuilding indices from scratch
2022-07-29 20:27:30.338144+00:00 [info] <0.627.0> Started message store of type persistent for vhost '/'
2022-07-29 20:27:30.338314+00:00 [info] <0.627.0> Recovering 0 queues of type rabbit_classic_queue took 44ms
2022-07-29 20:27:30.338390+00:00 [info] <0.627.0> Recovering 0 queues of type rabbit_quorum_queue took 0ms
2022-07-29 20:27:30.338464+00:00 [info] <0.627.0> Recovering 0 queues of type rabbit_stream_queue took 0ms
2022-07-29 20:27:30.341945+00:00 [info] <0.221.0> Created user 'guest'
2022-07-29 20:27:30.343836+00:00 [info] <0.221.0> Successfully set user tags for user 'guest' to [administrator]
2022-07-29 20:27:30.345467+00:00 [info] <0.221.0> Successfully set permissions for 'guest' in virtual host '/' to '.*', '.*', '.*'
2022-07-29 20:27:30.345573+00:00 [info] <0.221.0> Running boot step rabbit_looking_glass defined by app rabbit
2022-07-29 20:27:30.345607+00:00 [info] <0.221.0> Running boot step rabbit_core_metrics_gc defined by app rabbit
2022-07-29 20:27:30.345720+00:00 [info] <0.221.0> Running boot step background_gc defined by app rabbit
2022-07-29 20:27:30.345816+00:00 [info] <0.221.0> Running boot step routing_ready defined by app rabbit
2022-07-29 20:27:30.345872+00:00 [info] <0.221.0> Running boot step pre_flight defined by app rabbit
2022-07-29 20:27:30.345895+00:00 [info] <0.221.0> Running boot step notify_cluster defined by app rabbit
2022-07-29 20:27:30.345915+00:00 [info] <0.221.0> Running boot step networking defined by app rabbit
2022-07-29 20:27:30.345996+00:00 [info] <0.221.0> Running boot step rabbit_maintenance_mode_state defined by app rabbit
2022-07-29 20:27:30.346072+00:00 [info] <0.221.0> Creating table rabbit_node_maintenance_states for feature flag `maintenance_mode_status`
2022-07-29 20:27:30.346307+00:00 [info] <0.221.0> Running boot step definition_import_worker_pool defined by app rabbit
2022-07-29 20:27:30.346407+00:00 [info] <0.279.0> Starting worker pool 'definition_import_pool' with 8 processes in it
2022-07-29 20:27:30.347148+00:00 [info] <0.221.0> Running boot step cluster_name defined by app rabbit
2022-07-29 20:27:30.347265+00:00 [info] <0.221.0> Initialising internal cluster ID to 'rabbitmq-cluster-id-iOB5jjnq07mZS1lHSXuMRw'
2022-07-29 20:27:30.348833+00:00 [info] <0.221.0> Running boot step direct_client defined by app rabbit
2022-07-29 20:27:30.349030+00:00 [info] <0.674.0> Resetting node maintenance status
2022-07-29 20:27:30.349241+00:00 [info] <0.674.0> Ready to start client connection listeners
2022-07-29 20:27:30.352481+00:00 [info] <0.692.0> started TCP listener on [::]:5672
2022-07-29 20:27:30.457150+00:00 [info] <0.674.0> Server startup complete; 0 plugins started.
2022-07-29 20:28:14.483485+00:00 [info] <0.760.0> accepting AMQP connection <0.760.0> (172.29.0.1:39536 -> 172.29.0.2:5672)
2022-07-29 20:28:14.483647+00:00 [error] <0.760.0> closing AMQP connection <0.760.0> (172.29.0.1:39536 -> 172.29.0.2:5672):
2022-07-29 20:28:14.483647+00:00 [error] <0.760.0> {bad_header,<<"GET / HT">>}
2022-07-29 20:28:15.569220+00:00 [info] <0.763.0> accepting AMQP connection <0.763.0> (172.29.0.1:39538 -> 172.29.0.2:5672)
2022-07-29 20:28:15.569411+00:00 [error] <0.763.0> closing AMQP connection <0.763.0> (172.29.0.1:39538 -> 172.29.0.2:5672):
2022-07-29 20:28:15.569411+00:00 [error] <0.763.0> {bad_header,<<"GET / HT">>}
2022-07-29 20:28:20.592054+00:00 [info] <0.768.0> accepting AMQP connection <0.768.0> (172.29.0.1:39542 -> 172.29.0.2:5672)
2022-07-29 20:28:20.592298+00:00 [error] <0.768.0> closing AMQP connection <0.768.0> (172.29.0.1:39542 -> 172.29.0.2:5672):
2022-07-29 20:28:20.592298+00:00 [error] <0.768.0> {bad_header,<<"GET / HT">>}
2022-07-29 20:28:30.593765+00:00 [info] <0.782.0> accepting AMQP connection <0.782.0> (172.29.0.1:39556 -> 172.29.0.2:5672)
2022-07-29 20:28:30.594022+00:00 [error] <0.782.0> closing AMQP connection <0.782.0> (172.29.0.1:39556 -> 172.29.0.2:5672):
2022-07-29 20:28:30.594022+00:00 [error] <0.782.0> {handshake_timeout,handshake}
2022-07-29 20:28:34.772392+00:00 [info] <0.814.0> accepting AMQP connection <0.814.0> (172.29.0.1:39594 -> 172.29.0.2:5672)
2022-07-29 20:28:34.772588+00:00 [error] <0.814.0> closing AMQP connection <0.814.0> (172.29.0.1:39594 -> 172.29.0.2:5672):
2022-07-29 20:28:34.772588+00:00 [error] <0.814.0> {bad_header,<<"GET / HT">>}
2022-07-29 20:28:44.772385+00:00 [info] <0.817.0> accepting AMQP connection <0.817.0> (172.29.0.1:39598 -> 172.29.0.2:5672)
2022-07-29 20:28:44.772548+00:00 [error] <0.817.0> closing AMQP connection <0.817.0> (172.29.0.1:39598 -> 172.29.0.2:5672):
2022-07-29 20:28:44.772548+00:00 [error] <0.817.0> {handshake_timeout,handshake}
2022-07-29 20:28:49.093493+00:00 [notice] <0.60.0> SIGTERM received - shutting down
2022-07-29 20:28:49.093493+00:00 [notice] <0.60.0> 
2022-07-29 20:28:49.096751+00:00 [info] <0.221.0> Peer discovery backend rabbit_peer_discovery_classic_config does not support registration, skipping unregistration.
2022-07-29 20:28:49.097083+00:00 [info] <0.692.0> stopped TCP listener on [::]:5672
2022-07-29 20:28:49.098856+00:00 [info] <0.842.0> Closing all connections in vhost '/' on node 'rabbit@f20d2aeed903' because the vhost is stopping
2022-07-29 20:28:49.098901+00:00 [info] <0.636.0> Stopping message store for directory '/var/lib/rabbitmq/mnesia/rabbit@f20d2aeed903/msg_stores/vhosts/628WB79CIFDYO9LJI6DKMI09L/msg_store_persistent'
2022-07-29 20:28:49.124091+00:00 [info] <0.636.0> Message store for directory '/var/lib/rabbitmq/mnesia/rabbit@f20d2aeed903/msg_stores/vhosts/628WB79CIFDYO9LJI6DKMI09L/msg_store_persistent' is stopped
2022-07-29 20:28:49.124476+00:00 [info] <0.632.0> Stopping message store for directory '/var/lib/rabbitmq/mnesia/rabbit@f20d2aeed903/msg_stores/vhosts/628WB79CIFDYO9LJI6DKMI09L/msg_store_transient'
2022-07-29 20:28:49.169380+00:00 [info] <0.632.0> Message store for directory '/var/lib/rabbitmq/mnesia/rabbit@f20d2aeed903/msg_stores/vhosts/628WB79CIFDYO9LJI6DKMI09L/msg_store_transient' is stopped
2022-07-31 16:51:02.723165+00:00 [notice] <0.221.0> Logging: configured log handlers are now ACTIVE
2022-07-31 16:51:09.255951+00:00 [info] <0.221.0> ra: starting system quorum_queues
2022-07-31 16:51:09.256032+00:00 [info] <0.221.0> starting Ra system: quorum_queues in directory: /var/lib/rabbitmq/mnesia/rabbit@f20d2aeed903/quorum/rabbit@f20d2aeed903
2022-07-31 16:51:09.287089+00:00 [info] <0.307.0> ra system 'quorum_queues' running pre init for 0 registered servers
2022-07-31 16:51:09.313754+00:00 [info] <0.308.0> ra: meta data store initialised for system quorum_queues. 0 record(s) recovered
2022-07-31 16:51:09.314075+00:00 [notice] <0.317.0> WAL: ra_log_wal init, open tbls: ra_log_open_mem_tables, closed tbls: ra_log_closed_mem_tables
2022-07-31 16:51:09.341321+00:00 [info] <0.221.0> ra: starting system coordination
2022-07-31 16:51:09.341406+00:00 [info] <0.221.0> starting Ra system: coordination in directory: /var/lib/rabbitmq/mnesia/rabbit@f20d2aeed903/coordination/rabbit@f20d2aeed903
2022-07-31 16:51:09.370018+00:00 [info] <0.338.0> ra system 'coordination' running pre init for 0 registered servers
2022-07-31 16:51:09.380305+00:00 [info] <0.340.0> ra: meta data store initialised for system coordination. 0 record(s) recovered
2022-07-31 16:51:09.381137+00:00 [notice] <0.347.0> WAL: ra_coordination_log_wal init, open tbls: ra_coordination_log_open_mem_tables, closed tbls: ra_coordination_log_closed_mem_tables
2022-07-31 16:51:09.397549+00:00 [info] <0.221.0> 
2022-07-31 16:51:09.397549+00:00 [info] <0.221.0>  Starting RabbitMQ 3.10.6 on Erlang 24.3.4.2 [jit]
2022-07-31 16:51:09.397549+00:00 [info] <0.221.0>  Copyright (c) 2007-2022 VMware, Inc. or its affiliates.
2022-07-31 16:51:09.397549+00:00 [info] <0.221.0>  Licensed under the MPL 2.0. Website: https://rabbitmq.com
2022-07-31 16:51:09.399779+00:00 [info] <0.221.0> 
2022-07-31 16:51:09.399779+00:00 [info] <0.221.0>  node           : rabbit@f20d2aeed903
2022-07-31 16:51:09.399779+00:00 [info] <0.221.0>  home dir       : /var/lib/rabbitmq
2022-07-31 16:51:09.399779+00:00 [info] <0.221.0>  config file(s) : (none)
2022-07-31 16:51:09.399779+00:00 [info] <0.221.0>  cookie hash    : w0TBESsEGfxBGs/7PwogCA==
2022-07-31 16:51:09.399779+00:00 [info] <0.221.0>  log(s)         : /var/log/rabbitmq/rabbit@f20d2aeed903.log
2022-07-31 16:51:09.399779+00:00 [info] <0.221.0>                 : /var/log/rabbitmq/rabbit@f20d2aeed903_upgrade.log
2022-07-31 16:51:09.399779+00:00 [info] <0.221.0>                 : <stdout>
2022-07-31 16:51:09.399779+00:00 [info] <0.221.0>  database dir   : /var/lib/rabbitmq/mnesia/rabbit@f20d2aeed903
2022-07-31 16:51:09.552291+00:00 [info] <0.221.0> Running boot step pre_boot defined by app rabbit
2022-07-31 16:51:09.552380+00:00 [info] <0.221.0> Running boot step rabbit_global_counters defined by app rabbit
2022-07-31 16:51:09.553337+00:00 [info] <0.221.0> Running boot step rabbit_osiris_metrics defined by app rabbit
2022-07-31 16:51:09.553557+00:00 [info] <0.221.0> Running boot step rabbit_core_metrics defined by app rabbit
2022-07-31 16:51:09.554397+00:00 [info] <0.221.0> Running boot step rabbit_alarm defined by app rabbit
2022-07-31 16:51:09.565643+00:00 [info] <0.389.0> Memory high watermark set to 3166 MiB (3320417484 bytes) of 7916 MiB (8301043712 bytes) total
2022-07-31 16:51:09.581698+00:00 [info] <0.391.0> Enabling free disk space monitoring
2022-07-31 16:51:09.581804+00:00 [info] <0.391.0> Disk free limit set to 50MB
2022-07-31 16:51:09.591955+00:00 [info] <0.221.0> Running boot step code_server_cache defined by app rabbit
2022-07-31 16:51:09.592113+00:00 [info] <0.221.0> Running boot step file_handle_cache defined by app rabbit
2022-07-31 16:51:09.592370+00:00 [info] <0.396.0> Limiting to approx 1048479 file handles (943629 sockets)
2022-07-31 16:51:09.592543+00:00 [info] <0.397.0> FHC read buffering: OFF
2022-07-31 16:51:09.592590+00:00 [info] <0.397.0> FHC write buffering: ON
2022-07-31 16:51:09.601941+00:00 [info] <0.221.0> Running boot step worker_pool defined by app rabbit
2022-07-31 16:51:09.602128+00:00 [info] <0.361.0> Will use 8 processes for default worker pool
2022-07-31 16:51:09.602191+00:00 [info] <0.361.0> Starting worker pool 'worker_pool' with 8 processes in it
2022-07-31 16:51:09.602893+00:00 [info] <0.221.0> Running boot step database defined by app rabbit
2022-07-31 16:51:09.620184+00:00 [info] <0.221.0> Waiting for Mnesia tables for 30000 ms, 9 retries left
2022-07-31 16:51:09.620389+00:00 [info] <0.221.0> Successfully synced tables from a peer
2022-07-31 16:51:09.620470+00:00 [info] <0.221.0> Waiting for Mnesia tables for 30000 ms, 9 retries left
2022-07-31 16:51:09.620622+00:00 [info] <0.221.0> Successfully synced tables from a peer
2022-07-31 16:51:09.654831+00:00 [info] <0.221.0> Waiting for Mnesia tables for 30000 ms, 9 retries left
2022-07-31 16:51:09.655005+00:00 [info] <0.221.0> Successfully synced tables from a peer
2022-07-31 16:51:09.655048+00:00 [info] <0.221.0> Peer discovery backend rabbit_peer_discovery_classic_config does not support registration, skipping registration.
2022-07-31 16:51:09.655139+00:00 [info] <0.221.0> Running boot step database_sync defined by app rabbit
2022-07-31 16:51:09.655271+00:00 [info] <0.221.0> Running boot step feature_flags defined by app rabbit
2022-07-31 16:51:09.661552+00:00 [info] <0.221.0> Running boot step codec_correctness_check defined by app rabbit
2022-07-31 16:51:09.661639+00:00 [info] <0.221.0> Running boot step external_infrastructure defined by app rabbit
2022-07-31 16:51:09.661673+00:00 [info] <0.221.0> Running boot step rabbit_registry defined by app rabbit
2022-07-31 16:51:09.661849+00:00 [info] <0.221.0> Running boot step rabbit_auth_mechanism_cr_demo defined by app rabbit
2022-07-31 16:51:09.661923+00:00 [info] <0.221.0> Running boot step rabbit_queue_location_random defined by app rabbit
2022-07-31 16:51:09.661977+00:00 [info] <0.221.0> Running boot step rabbit_event defined by app rabbit
2022-07-31 16:51:09.662073+00:00 [info] <0.221.0> Running boot step rabbit_auth_mechanism_amqplain defined by app rabbit
2022-07-31 16:51:09.662127+00:00 [info] <0.221.0> Running boot step rabbit_auth_mechanism_plain defined by app rabbit
2022-07-31 16:51:09.662209+00:00 [info] <0.221.0> Running boot step rabbit_exchange_type_direct defined by app rabbit
2022-07-31 16:51:09.662258+00:00 [info] <0.221.0> Running boot step rabbit_exchange_type_fanout defined by app rabbit
2022-07-31 16:51:09.662312+00:00 [info] <0.221.0> Running boot step rabbit_exchange_type_headers defined by app rabbit
2022-07-31 16:51:09.662356+00:00 [info] <0.221.0> Running boot step rabbit_exchange_type_topic defined by app rabbit
2022-07-31 16:51:09.662407+00:00 [info] <0.221.0> Running boot step rabbit_mirror_queue_mode_all defined by app rabbit
2022-07-31 16:51:09.662452+00:00 [info] <0.221.0> Running boot step rabbit_mirror_queue_mode_exactly defined by app rabbit
2022-07-31 16:51:09.662494+00:00 [info] <0.221.0> Running boot step rabbit_mirror_queue_mode_nodes defined by app rabbit
2022-07-31 16:51:09.662544+00:00 [info] <0.221.0> Running boot step rabbit_priority_queue defined by app rabbit
2022-07-31 16:51:09.662574+00:00 [info] <0.221.0> Priority queues enabled, real BQ is rabbit_variable_queue
2022-07-31 16:51:09.662642+00:00 [info] <0.221.0> Running boot step rabbit_queue_location_client_local defined by app rabbit
2022-07-31 16:51:09.662697+00:00 [info] <0.221.0> Running boot step rabbit_queue_location_min_masters defined by app rabbit
2022-07-31 16:51:09.662746+00:00 [info] <0.221.0> Running boot step kernel_ready defined by app rabbit
2022-07-31 16:51:09.662774+00:00 [info] <0.221.0> Running boot step rabbit_sysmon_minder defined by app rabbit
2022-07-31 16:51:09.662892+00:00 [info] <0.221.0> Running boot step rabbit_epmd_monitor defined by app rabbit
2022-07-31 16:51:09.663712+00:00 [info] <0.423.0> epmd monitor knows us, inter-node communication (distribution) port: 25672
2022-07-31 16:51:09.663877+00:00 [info] <0.221.0> Running boot step guid_generator defined by app rabbit
2022-07-31 16:51:09.677837+00:00 [info] <0.221.0> Running boot step rabbit_node_monitor defined by app rabbit
2022-07-31 16:51:09.678287+00:00 [info] <0.427.0> Starting rabbit_node_monitor
2022-07-31 16:51:09.678573+00:00 [info] <0.221.0> Running boot step delegate_sup defined by app rabbit
2022-07-31 16:51:09.679163+00:00 [info] <0.221.0> Running boot step rabbit_memory_monitor defined by app rabbit
2022-07-31 16:51:09.679344+00:00 [info] <0.221.0> Running boot step rabbit_fifo_dlx_sup defined by app rabbit
2022-07-31 16:51:09.679428+00:00 [info] <0.221.0> Running boot step core_initialized defined by app rabbit
2022-07-31 16:51:09.679457+00:00 [info] <0.221.0> Running boot step upgrade_queues defined by app rabbit
2022-07-31 16:51:09.699036+00:00 [info] <0.221.0> Running boot step channel_tracking defined by app rabbit
2022-07-31 16:51:09.699347+00:00 [info] <0.221.0> Setting up a table for channel tracking on this node: tracked_channel_on_node_rabbit@f20d2aeed903
2022-07-31 16:51:09.699523+00:00 [info] <0.221.0> Setting up a table for channel tracking on this node: tracked_channel_table_per_user_on_node_rabbit@f20d2aeed903
2022-07-31 16:51:09.699823+00:00 [info] <0.221.0> Running boot step rabbit_channel_tracking_handler defined by app rabbit
2022-07-31 16:51:09.699919+00:00 [info] <0.221.0> Running boot step connection_tracking defined by app rabbit
2022-07-31 16:51:09.700080+00:00 [info] <0.221.0> Setting up a table for connection tracking on this node: tracked_connection_on_node_rabbit@f20d2aeed903
2022-07-31 16:51:09.700238+00:00 [info] <0.221.0> Setting up a table for per-vhost connection counting on this node: tracked_connection_per_vhost_on_node_rabbit@f20d2aeed903
2022-07-31 16:51:09.700371+00:00 [info] <0.221.0> Setting up a table for per-user connection counting on this node: tracked_connection_table_per_user_on_node_rabbit@f20d2aeed903
2022-07-31 16:51:09.700580+00:00 [info] <0.221.0> Running boot step rabbit_connection_tracking_handler defined by app rabbit
2022-07-31 16:51:09.700651+00:00 [info] <0.221.0> Running boot step rabbit_definitions_hashing defined by app rabbit
2022-07-31 16:51:09.700776+00:00 [info] <0.221.0> Running boot step rabbit_exchange_parameters defined by app rabbit
2022-07-31 16:51:09.700861+00:00 [info] <0.221.0> Running boot step rabbit_mirror_queue_misc defined by app rabbit
2022-07-31 16:51:09.701011+00:00 [info] <0.221.0> Running boot step rabbit_policies defined by app rabbit
2022-07-31 16:51:09.701346+00:00 [info] <0.221.0> Running boot step rabbit_policy defined by app rabbit
2022-07-31 16:51:09.701425+00:00 [info] <0.221.0> Running boot step rabbit_queue_location_validator defined by app rabbit
2022-07-31 16:51:09.701477+00:00 [info] <0.221.0> Running boot step rabbit_quorum_memory_manager defined by app rabbit
2022-07-31 16:51:09.701524+00:00 [info] <0.221.0> Running boot step rabbit_stream_coordinator defined by app rabbit
2022-07-31 16:51:09.702715+00:00 [info] <0.221.0> Running boot step rabbit_vhost_limit defined by app rabbit
2022-07-31 16:51:09.702956+00:00 [info] <0.221.0> Running boot step recovery defined by app rabbit
2022-07-31 16:51:09.705213+00:00 [info] <0.461.0> Making sure data directory '/var/lib/rabbitmq/mnesia/rabbit@f20d2aeed903/msg_stores/vhosts/628WB79CIFDYO9LJI6DKMI09L' for vhost '/' exists
2022-07-31 16:51:09.747506+00:00 [info] <0.461.0> Starting message stores for vhost '/'
2022-07-31 16:51:09.747913+00:00 [info] <0.466.0> Message store "628WB79CIFDYO9LJI6DKMI09L/msg_store_transient": using rabbit_msg_store_ets_index to provide index
2022-07-31 16:51:09.852981+00:00 [info] <0.461.0> Started message store of type transient for vhost '/'
2022-07-31 16:51:09.853412+00:00 [info] <0.470.0> Message store "628WB79CIFDYO9LJI6DKMI09L/msg_store_persistent": using rabbit_msg_store_ets_index to provide index
2022-07-31 16:51:09.906055+00:00 [info] <0.461.0> Started message store of type persistent for vhost '/'
2022-07-31 16:51:09.906329+00:00 [info] <0.461.0> Recovering 0 queues of type rabbit_classic_queue took 183ms
2022-07-31 16:51:09.906431+00:00 [info] <0.461.0> Recovering 0 queues of type rabbit_quorum_queue took 0ms
2022-07-31 16:51:09.906480+00:00 [info] <0.461.0> Recovering 0 queues of type rabbit_stream_queue took 0ms
2022-07-31 16:51:09.908663+00:00 [info] <0.221.0> Running boot step empty_db_check defined by app rabbit
2022-07-31 16:51:09.908744+00:00 [info] <0.221.0> Will not seed default virtual host and user: have definitions to load...
2022-07-31 16:51:09.908789+00:00 [info] <0.221.0> Running boot step rabbit_looking_glass defined by app rabbit
2022-07-31 16:51:09.908822+00:00 [info] <0.221.0> Running boot step rabbit_core_metrics_gc defined by app rabbit
2022-07-31 16:51:09.909048+00:00 [info] <0.221.0> Running boot step background_gc defined by app rabbit
2022-07-31 16:51:09.909204+00:00 [info] <0.221.0> Running boot step routing_ready defined by app rabbit
2022-07-31 16:51:09.909239+00:00 [info] <0.221.0> Running boot step pre_flight defined by app rabbit
2022-07-31 16:51:09.909269+00:00 [info] <0.221.0> Running boot step notify_cluster defined by app rabbit
2022-07-31 16:51:09.909301+00:00 [info] <0.221.0> Running boot step networking defined by app rabbit
2022-07-31 16:51:09.909494+00:00 [info] <0.221.0> Running boot step rabbit_maintenance_mode_state defined by app rabbit
2022-07-31 16:51:09.909538+00:00 [info] <0.221.0> Creating table rabbit_node_maintenance_states for feature flag `maintenance_mode_status`
2022-07-31 16:51:09.909921+00:00 [info] <0.221.0> Running boot step definition_import_worker_pool defined by app rabbit
2022-07-31 16:51:09.910109+00:00 [info] <0.361.0> Starting worker pool 'definition_import_pool' with 8 processes in it
2022-07-31 16:51:09.910745+00:00 [info] <0.221.0> Running boot step cluster_name defined by app rabbit
2022-07-31 16:51:09.910828+00:00 [info] <0.221.0> Running boot step direct_client defined by app rabbit
2022-07-31 16:51:09.910993+00:00 [info] <0.503.0> Resetting node maintenance status
2022-07-31 16:51:09.911188+00:00 [info] <0.503.0> Ready to start client connection listeners
2022-07-31 16:51:09.915190+00:00 [info] <0.521.0> started TCP listener on [::]:5672
2022-07-31 16:51:10.055219+00:00 [info] <0.503.0> Server startup complete; 0 plugins started.
2022-07-31 16:51:32.284807+00:00 [notice] <0.60.0> SIGTERM received - shutting down
2022-07-31 16:51:32.284807+00:00 [notice] <0.60.0> 
2022-07-31 16:51:32.287391+00:00 [info] <0.221.0> Peer discovery backend rabbit_peer_discovery_classic_config does not support registration, skipping unregistration.
2022-07-31 16:51:32.287611+00:00 [info] <0.521.0> stopped TCP listener on [::]:5672
2022-07-31 16:51:32.289516+00:00 [info] <0.557.0> Closing all connections in vhost '/' on node 'rabbit@f20d2aeed903' because the vhost is stopping
2022-07-31 16:51:32.289797+00:00 [info] <0.470.0> Stopping message store for directory '/var/lib/rabbitmq/mnesia/rabbit@f20d2aeed903/msg_stores/vhosts/628WB79CIFDYO9LJI6DKMI09L/msg_store_persistent'
2022-07-31 16:51:32.320211+00:00 [info] <0.470.0> Message store for directory '/var/lib/rabbitmq/mnesia/rabbit@f20d2aeed903/msg_stores/vhosts/628WB79CIFDYO9LJI6DKMI09L/msg_store_persistent' is stopped
2022-07-31 16:51:32.320409+00:00 [info] <0.466.0> Stopping message store for directory '/var/lib/rabbitmq/mnesia/rabbit@f20d2aeed903/msg_stores/vhosts/628WB79CIFDYO9LJI6DKMI09L/msg_store_transient'
2022-07-31 16:51:32.357586+00:00 [info] <0.466.0> Message store for directory '/var/lib/rabbitmq/mnesia/rabbit@f20d2aeed903/msg_stores/vhosts/628WB79CIFDYO9LJI6DKMI09L/msg_store_transient' is stopped
